#
# A fatal error has been detected by the Java Runtime Environment:
#
#  Internal Error (jvmciRuntime.cpp:1609), pid=34, tid=49
#  fatal error: Fatal exception in JVMCI: Error calling jdk.vm.ci.services.Services.serializeSavedProperties
#
# JRE version: OpenJDK Runtime Environment GraalVM CE 22.3.0 (17.0.5+8) (build 17.0.5+8-jvmci-22.3-b08)
# Java VM: OpenJDK 64-Bit Server VM GraalVM CE 22.3.0 (17.0.5+8-jvmci-22.3-b08, mixed mode, sharing, tiered, jvmci, jvmci compiler, compressed oops, compressed class ptrs, parallel gc, linux-amd64)
# Problematic frame:
# V  [libjvm.so+0x972714]  JVMCIRuntime::fatal_exception(JVMCIEnv*, char const*)+0x74
#
# Core dump will be written. Default location: Core dumps may be processed with "/usr/share/apport/apport -p%p -s%s -c%c -d%d -P%P -u%u -g%g -- %E" (or dumping to /home/runner/Robot-Race/core.34)
#
# If you would like to submit a bug report, please visit:
#   https://github.com/oracle/graal/issues
#

---------------  S U M M A R Y ------------

Command Line: -XX:ThreadPriorityPolicy=1 -XX:+UnlockExperimentalVMOptions -XX:+EnableJVMCIProduct -XX:JVMCIThreadsPerNativeLibraryRuntime=1 -XX:-UnlockExperimentalVMOptions -Declipse.application=org.eclipse.jdt.ls.core.id1 -Dosgi.bundles.defaultStartLevel=4 -Declipse.product=org.eclipse.jdt.ls.core.product -Dlog.level=ALL -Xverify:none -XX:+UseParallelGC -XX:GCTimeRatio=4 -XX:AdaptiveSizePolicyWeight=90 -Dsun.zip.disableMemoryMapping=true -Xmx512m -Xms100m /nix/store/m6gcpi1ii6rghy04cjwjddcavv7i90df-jdt-language-server-1.9.0/share/java/plugins/org.eclipse.equinox.launcher_1.6.400.v20210924-0641.jar --add-modules=ALL-SYSTEM --add-opens java.base/java.util=ALL-UNNAMED --add-opens java.base/java.lang=ALL-UNNAMED -configuration /home/runner/.cache/jdt-language-server/config -data /home/runner/.cache/jdt-language-server/data/home/runner/Robot-Race

Host: AMD EPYC 7B12, 8 cores, 1G, Ubuntu 20.04.2 LTS
Time: Wed Jan 11 13:55:21 2023 UTC elapsed time: 1024.022008 seconds (0d 0h 17m 4s)

---------------  T H R E A D  ---------------

Current thread (0x00007f4d780b2200):  JavaThread "JVMCI-native CompilerThread0" daemon [_thread_in_vm, id=49, stack(0x00007f4d5e51a000,0x00007f4d5e71a000)]


Current CompileTask:
JVMCI-native:1024022 8952  s    4       java.util.Hashtable::get (69 bytes)

Stack: [0x00007f4d5e51a000,0x00007f4d5e71a000],  sp=0x00007f4d5e718380,  free space=2040k
Native frames: (J=compiled Java code, j=interpreted, Vv=VM code, C=native code)
V  [libjvm.so+0x972714]  JVMCIRuntime::fatal_exception(JVMCIEnv*, char const*)+0x74
V  [libjvm.so+0x93e2fe]  JVMCIEnv::copy_saved_properties()+0x14e
V  [libjvm.so+0x9732a9]  JVMCIRuntime::initialize(JVMCIEnv*)+0xb19
V  [libjvm.so+0x9738a2]  JVMCIRuntime::get_HotSpotJVMCIRuntime(JVMCIEnv*)+0x12
V  [libjvm.so+0x9749f2]  JVMCIRuntime::compile_method(JVMCIEnv*, JVMCICompiler*, methodHandle const&, int)+0xd2
V  [libjvm.so+0x5b0d20]  CompileBroker::invoke_compiler_on_method(CompileTask*)+0x1470
V  [libjvm.so+0x5b12e8]  CompileBroker::compiler_thread_loop()+0x528
V  [libjvm.so+0xd82460]  JavaThread::thread_main_inner()+0xd0
V  [libjvm.so+0xd85a40]  Thread::call_run()+0xc0
V  [libjvm.so+0xbdb1e1]  thread_native_entry(Thread*)+0xe1

Register to memory mapping:

RAX=0x00007f4d7e1d3000 points into unknown readable memory: 0x0000000000000058 | 58 00 00 00 00 00 00 00
RBX=0x00007f4d7f2ce398: <offset 0x0000000000ef5398> in /nix/store/gpxl5qgg8kicmcvivwmybwjlpf7wh20l-graalvm17-ce-22.3.0/lib/server/libjvm.so at 0x00007f4d7e3d9000
RCX=0x00007f4d7f2861e8: <offset 0x0000000000ead1e8> in /nix/store/gpxl5qgg8kicmcvivwmybwjlpf7wh20l-graalvm17-ce-22.3.0/lib/server/libjvm.so at 0x00007f4d7e3d9000
RDX=0x0000000000000649 is an unknown value
RSP=0x00007f4d5e718380 is pointing into the stack for thread: 0x00007f4d780b2200
RBP=0x00007f4d5e7183a0 is pointing into the stack for thread: 0x00007f4d780b2200
RSI=0x00007f4d7f2cec48: <offset 0x0000000000ef5c48> in /nix/store/gpxl5qgg8kicmcvivwmybwjlpf7wh20l-graalvm17-ce-22.3.0/lib/server/libjvm.so at 0x00007f4d7e3d9000
RDI=0x00000000e0000000 is an oop: [B 
{0x00000000e0000000} - klass: {type array byte}
 - length: 13
R8 =0x00007f4d7f2ce398: <offset 0x0000000000ef5398> in /nix/store/gpxl5qgg8kicmcvivwmybwjlpf7wh20l-graalvm17-ce-22.3.0/lib/server/libjvm.so at 0x00007f4d7e3d9000
R9 =0x0000000000000003 is an unknown value
R10=0x00007f4d7f61fda0: <offset 0x0000000001246da0> in /nix/store/gpxl5qgg8kicmcvivwmybwjlpf7wh20l-graalvm17-ce-22.3.0/lib/server/libjvm.so at 0x00007f4d7e3d9000
R11=0x000000080044f048 is pointing into metadata
R12=0x0 is NULL
R13=0x00007f4d780b2200 is a thread
R14=0x00007f4d78000b80 points into unknown readable memory: 0x00007f4d7f4ffa38 | 38 fa 4f 7f 4d 7f 00 00
R15=0x00007f4d7f60de40: <offset 0x0000000001234e40> in /nix/store/gpxl5qgg8kicmcvivwmybwjlpf7wh20l-graalvm17-ce-22.3.0/lib/server/libjvm.so at 0x00007f4d7e3d9000


Registers:
RAX=0x00007f4d7e1d3000, RBX=0x00007f4d7f2ce398, RCX=0x00007f4d7f2861e8, RDX=0x0000000000000649
RSP=0x00007f4d5e718380, RBP=0x00007f4d5e7183a0, RSI=0x00007f4d7f2cec48, RDI=0x00000000e0000000
R8 =0x00007f4d7f2ce398, R9 =0x0000000000000003, R10=0x00007f4d7f61fda0, R11=0x000000080044f048
R12=0x0000000000000000, R13=0x00007f4d780b2200, R14=0x00007f4d78000b80, R15=0x00007f4d7f60de40
RIP=0x00007f4d7ed4b714, EFLAGS=0x0000000000010206, CSGSFS=0x002b000000000033, ERR=0x0000000000000006
  TRAPNO=0x000000000000000e

Top of Stack: (sp=0x00007f4d5e718380)
0x00007f4d5e718380:   00007f4d5e718940 00007f4d780b2200
0x00007f4d5e718390:   00007f4d7cb695b8 0000000800c44fd0
0x00007f4d5e7183a0:   00007f4d5e718500 00007f4d7ed172fe
0x00007f4d5e7183b0:   00007f4d5e7183e0 00007f4d5e718440 

Instructions: (pc=0x00007f4d7ed4b714)
0x00007f4d7ed4b614:   30 e8 f6 cf e8 ff 4c 89 e7 e8 2e 48 d1 ff 84 db
0x00007f4d7ed4b624:   75 2a 4d 85 ed 74 04 4d 8b 6d 00 48 83 c4 08 44
0x00007f4d7ed4b634:   89 f9 4c 89 f2 4c 89 ee 5b 4c 89 e7 41 5c 41 5d
0x00007f4d7ed4b644:   41 5e 41 5f 5d e9 e2 47 d1 ff 66 90 48 83 c4 08
0x00007f4d7ed4b654:   5b 41 5c 41 5d 41 5e 41 5f 5d c3 90 31 d2 be 08
0x00007f4d7ed4b664:   00 00 00 4c 89 ff e8 b1 78 a3 ff 49 89 c5 e9 37
0x00007f4d7ed4b674:   ff ff ff 66 0f 1f 84 00 00 00 00 00 48 8b 7a 08
0x00007f4d7ed4b684:   e9 6d ff ff ff 0f 1f 80 00 00 00 00 e8 5b 48 0a
0x00007f4d7ed4b694:   00 84 c0 75 89 e9 6a ff ff ff 66 90 55 48 89 e5
0x00007f4d7ed4b6a4:   41 56 41 55 41 54 49 89 fc 53 48 89 f3 66 48 8d
0x00007f4d7ed4b6b4:   3d 27 5e 85 00 66 66 48 e8 df 43 8d ff 4c 8b 28
0x00007f4d7ed4b6c4:   8b 05 be 72 8a 00 85 c0 75 14 ba 01 00 00 00 48
0x00007f4d7ed4b6d4:   8d 0d ae 72 8a 00 f0 0f b1 11 85 c0 74 4e be c8
0x00007f4d7ed4b6e4:   00 00 00 4c 89 ef e8 01 0b 41 00 48 8d 05 12 ac
0x00007f4d7ed4b6f4:   85 00 49 89 d8 48 8d 0d e8 aa 53 00 ba 49 06 00
0x00007f4d7ed4b704:   00 48 8d 35 3c 35 58 00 bf 00 00 00 e0 48 8b 00
0x00007f4d7ed4b714:   c6 00 58 31 c0 e8 e2 91 c6 ff 5b 41 5c 41 5d 41
0x00007f4d7ed4b724:   5e 5d e9 55 34 26 00 0f 1f 44 00 00 48 8d 05 81
0x00007f4d7ed4b734:   a3 8b 00 48 89 df 4c 8b 30 e8 9e 43 8d ff 48 89
0x00007f4d7ed4b744:   de 48 89 c2 49 8b 06 4c 89 f7 ff 50 08 4c 89 f7
0x00007f4d7ed4b754:   e8 a7 5c 27 00 4d 85 e4 74 12 be 01 00 00 00 4c
0x00007f4d7ed4b764:   89 e7 e8 35 43 fc ff eb 82 0f 1f 00 be 01 00 00
0x00007f4d7ed4b774:   00 4c 89 ef e8 d3 fd ff ff e9 6d ff ff ff 66 66
0x00007f4d7ed4b784:   2e 0f 1f 84 00 00 00 00 00 0f 1f 00 55 48 89 e5
0x00007f4d7ed4b794:   41 57 41 56 41 55 41 54 53 48 81 ec 08 02 00 00
0x00007f4d7ed4b7a4:   64 48 8b 04 25 28 00 00 00 48 89 45 c8 8b 07 83
0x00007f4d7ed4b7b4:   f8 02 0f 84 11 04 00 00 4c 8b 6f 18 49 89 ff 49
0x00007f4d7ed4b7c4:   89 f4 4d 85 ed 74 14 4c 89 ef e8 5d 57 22 00 41
0x00007f4d7ed4b7d4:   8b 07 83 f8 02 0f 84 19 04 00 00 48 8d 1d 9a 06
0x00007f4d7ed4b7e4:   8a 00 4c 8d 35 0b 3c 58 00 eb 38 90 48 85 d2 7f
0x00007f4d7ed4b7f4:   0d 48 8d 05 b4 c0 85 00 48 83 38 00 7e 0e 41 8b
0x00007f4d7ed4b804:   77 2c 4c 89 f7 31 c0 e8 a0 b2 f7 ff 49 8b 7f 18 


Stack slot to memory mapping:
stack at sp + 0 slots: 0x00007f4d5e718940 is pointing into the stack for thread: 0x00007f4d780b2200
stack at sp + 1 slots: 0x00007f4d780b2200 is a thread
stack at sp + 2 slots: 0x00007f4d7cb695b8 points into unknown readable memory: 0x657300189e56ffff | ff ff 56 9e 18 00 73 65
stack at sp + 3 slots: 0x0000000800c44fd0 is a pointer to class: 
jdk.vm.ci.services.Services {0x0000000800c44fd0}
 - instance size:     2
 - klass size:        65
 - access:            public final synchronized 
 - state:             fully_initialized
 - name:              'jdk/vm/ci/services/Services'
 - super:             'java/lang/Object'
 - sub:               
 - arrays:            NULL
 - methods:           Array<T>(0x00007f4d5ec639d0)
 - method ordering:   Array<T>(0x0000000800928960)
 - default_methods:   Array<T>(0x0000000000000000)
 - local interfaces:  Array<T>(0x00000008005ce810)
 - trans. interfaces: Array<T>(0x00000008005ce810)
 - constants:         constant pool [427] {0x00007f4d5ec62998} for 'jdk/vm/ci/services/Services' cache=0x00007f4d5ec64d48
 - class loader data:  loader data: 0x00007f4d780283f0 of 'bootstrap'
 - source file:       'Services.java'
 - class annotations:       Array<T>(0x0000000000000000)
 - class type annotations:  Array<T>(0x0000000000000000)
 - field annotations:       Array<T>(0x0000000000000000)
 - field type annotations:  Array<T>(0x0000000000000000)
 - inner classes:     Array<T>(0x00007f4d5ec64c70)
 - nest members:     Array<T>(0x00007f4d5ec64c90)
 - permitted subclasses:     Array<T>(0x00000008005ce7a0)
 - java mirror:       a 'java/lang/Class'{0x00000000e0176af8} = 'jdk/vm/ci/services/Services'
 - vtable length      5  (start addr: 0x0000000800c451a0)
 - itable length      2 (start addr: 0x0000000800c451c8)
 - ---- static fields (3 words):
 - public static final 'IS_BUILDING_NATIVE_IMAGE' 'Z' @128 
 - public static final 'IS_IN_NATIVE_IMAGE' 'Z' @129 
 - private static volatile 'savedProperties' 'Ljava/util/Map;' @112 
 - static final 'JVMCI_ENABLED' 'Z' @130 
 - private static final 'servicesCache' 'Ljava/util/Map;' @116 
 - private static final 'MAX_UNICODE_IN_UTF8_LENGTH' 'I' @120 
 - private static final 'MAX_UTF8_PROPERTY_STRING_LENGTH' 'I' @124 
 - ---- non-static fields (0 words):
 - non-static oop maps: 
stack at sp + 4 slots: 0x00007f4d5e718500 is pointing into the stack for thread: 0x00007f4d780b2200
stack at sp + 5 slots: 0x00007f4d7ed172fe: <offset 0x000000000093e2fe> in /nix/store/gpxl5qgg8kicmcvivwmybwjlpf7wh20l-graalvm17-ce-22.3.0/lib/server/libjvm.so at 0x00007f4d7e3d9000
stack at sp + 6 slots: 0x00007f4d5e7183e0 is pointing into the stack for thread: 0x00007f4d780b2200
stack at sp + 7 slots: 0x00007f4d5e718440 is pointing into the stack for thread: 0x00007f4d780b2200


---------------  P R O C E S S  ---------------

Threads class SMR info:
_java_thread_list=0x00007f4d0826de40, length=27, elements={
0x00007f4d78026690, 0x00007f4d780a64d0, 0x00007f4d780a7910, 0x00007f4d780ae070,
0x00007f4d780af420, 0x00007f4d780b0810, 0x00007f4d780b2200, 0x00007f4d780b3710,
0x00007f4d780b4b60, 0x00007f4d780e0450, 0x00007f4d78128d30, 0x00007f4d7818bb10,
0x00007f4d7836fc50, 0x00007f4d78371ae0, 0x00007f4d7863e000, 0x00007f4d0c017190,
0x00007f4d0c2aa9b0, 0x00007f4d0c30ce80, 0x00007f4d0c481d80, 0x00007f4d0c689ef0,
0x00007f4d78351fe0, 0x00007f4d784cc9e0, 0x00007f4ce80025c0, 0x00007f4d0812dfd0,
0x00007f4d081f7a20, 0x00007f4d081c5610, 0x00007f4d081f89e0
}

Java Threads: ( => current thread )
  0x00007f4d78026690 JavaThread "main" [_thread_blocked, id=41, stack(0x00007f4d7e1f4000,0x00007f4d7e2f4000)]
  0x00007f4d780a64d0 JavaThread "Reference Handler" daemon [_thread_blocked, id=44, stack(0x00007f4d7c20b000,0x00007f4d7c30b000)]
  0x00007f4d780a7910 JavaThread "Finalizer" daemon [_thread_blocked, id=45, stack(0x00007f4d7c10b000,0x00007f4d7c20b000)]
  0x00007f4d780ae070 JavaThread "Signal Dispatcher" daemon [_thread_blocked, id=46, stack(0x00007f4d7c00b000,0x00007f4d7c10b000)]
  0x00007f4d780af420 JavaThread "Service Thread" daemon [_thread_blocked, id=47, stack(0x00007f4d5e81a000,0x00007f4d5e91a000)]
  0x00007f4d780b0810 JavaThread "Monitor Deflation Thread" daemon [_thread_blocked, id=48, stack(0x00007f4d5e71a000,0x00007f4d5e81a000)]
=>0x00007f4d780b2200 JavaThread "JVMCI-native CompilerThread0" daemon [_thread_in_vm, id=49, stack(0x00007f4d5e51a000,0x00007f4d5e71a000)]
  0x00007f4d780b3710 JavaThread "C1 CompilerThread0" daemon [_thread_blocked, id=50, stack(0x00007f4d5e31a000,0x00007f4d5e51a000)]
  0x00007f4d780b4b60 JavaThread "Sweeper thread" daemon [_thread_blocked, id=51, stack(0x00007f4d5e21a000,0x00007f4d5e31a000)]
  0x00007f4d780e0450 JavaThread "Common-Cleaner" daemon [_thread_blocked, id=52, stack(0x00007f4d5e11a000,0x00007f4d5e21a000)]
  0x00007f4d78128d30 JavaThread "Notification Thread" daemon [_thread_blocked, id=53, stack(0x00007f4d5e01a000,0x00007f4d5e11a000)]
  0x00007f4d7818bb10 JavaThread "Active Thread: Equinox Container: 462b97ce-7404-471b-ae5f-fbad1abaff86" [_thread_blocked, id=80, stack(0x00007f4d5cc00000,0x00007f4d5cd00000)]
  0x00007f4d7836fc50 JavaThread "Framework Event Dispatcher: Equinox Container: 462b97ce-7404-471b-ae5f-fbad1abaff86" daemon [_thread_blocked, id=81, stack(0x00007f4d5ca00000,0x00007f4d5cb00000)]
  0x00007f4d78371ae0 JavaThread "Start Level: Equinox Container: 462b97ce-7404-471b-ae5f-fbad1abaff86" daemon [_thread_blocked, id=82, stack(0x00007f4d5c800000,0x00007f4d5c900000)]
  0x00007f4d7863e000 JavaThread "Refresh Thread: Equinox Container: 462b97ce-7404-471b-ae5f-fbad1abaff86" daemon [_thread_blocked, id=87, stack(0x00007f4d5c600000,0x00007f4d5c700000)]
  0x00007f4d0c017190 JavaThread "SCR Component Actor" daemon [_thread_blocked, id=92, stack(0x00007f4d5c400000,0x00007f4d5c500000)]
  0x00007f4d0c2aa9b0 JavaThread "Worker-JM" [_thread_blocked, id=99, stack(0x00007f4d5c000000,0x00007f4d5c100000)]
  0x00007f4d0c30ce80 JavaThread "Worker-0: Periodic workspace save." [_thread_blocked, id=104, stack(0x00007f4d25b00000,0x00007f4d25c00000)]
  0x00007f4d0c481d80 JavaThread "Java indexing" daemon [_thread_blocked, id=106, stack(0x00007f4d25700000,0x00007f4d25800000)]
  0x00007f4d0c689ef0 JavaThread "Bundle File Closer" daemon [_thread_blocked, id=111, stack(0x00007f4d25500000,0x00007f4d25600000)]
  0x00007f4d78351fe0 JavaThread "pool-3-thread-1" [_thread_blocked, id=122, stack(0x00007f4d25100000,0x00007f4d25200000)]
  0x00007f4d784cc9e0 JavaThread "pool-2-thread-1" [_thread_blocked, id=141, stack(0x00007f4d5c200000,0x00007f4d5c300000)]
  0x00007f4ce80025c0 JavaThread "Worker-5: Compacting resource model" [_thread_blocked, id=204, stack(0x00007f4d24b00000,0x00007f4d24c00000)]
  0x00007f4d0812dfd0 JavaThread "Thread-17" [_thread_blocked, id=984, stack(0x00007f4d24f00000,0x00007f4d25000000)]
  0x00007f4d081f7a20 JavaThread "Thread-18" [_thread_blocked, id=1104, stack(0x00007f4d25900000,0x00007f4d25a00000)]
  0x00007f4d081c5610 JavaThread "Thread-19" [_thread_blocked, id=1229, stack(0x00007f4d25300000,0x00007f4d25400000)]
  0x00007f4d081f89e0 JavaThread "Thread-20" [_thread_blocked, id=2231, stack(0x00007f4d24d00000,0x00007f4d24e00000)]

Other Threads:
  0x00007f4d780a1c10 VMThread "VM Thread" [stack: 0x00007f4d7c30d000,0x00007f4d7c40d000] [id=43] _threads_hazard_ptr=0x00007f4d0826de40
  0x00007f4d7812a6d0 WatcherThread [stack: 0x00007f4d5df1a000,0x00007f4d5e01a000] [id=54]
  0x00007f4d7803df30 GCTaskThread "GC Thread#0" [stack: 0x00007f4d7ddb7000,0x00007f4d7deb7000] [id=42]

Threads with active compile tasks:
JVMCI-native CompilerThread0  1024088 8952  s    4       java.util.Hashtable::get (69 bytes)

VM state: synchronizing (normal execution)

VM Mutex/Monitor currently owned by a thread:  ([mutex/lock_event])
[0x00007f4d78023840] Threads_lock - owner thread: 0x00007f4d780a1c10
[0x00007f4d78023ff0] Heap_lock - owner thread: 0x00007f4d784cc9e0

OutOfMemory and StackOverflow Exception counts:
OutOfMemoryError java_heap_errors=2
LinkageErrors=48

Heap address: 0x00000000e0000000, size: 512 MB, Compressed Oops mode: 32-bit

CDS archive(s) mapped at: [0x0000000800000000-0x0000000800bc8000-0x0000000800bc8000), size 12353536, SharedBaseAddress: 0x0000000800000000, ArchiveRelocationMode: 0.
Compressed class space mapped at: 0x0000000800c00000-0x0000000840c00000, reserved size: 1073741824
Narrow klass base: 0x0000000800000000, Narrow klass shift: 0, Narrow klass range: 0x100000000

GC Precious Log:
 CPUs: 8 total, 1 available
 Memory: 1024M
 Large Page Support: Disabled
 NUMA Support: Disabled
 Compressed Oops: Enabled (32-bit)
 Alignments: Space 512K, Generation 512K, Heap 2M
 Heap Min Capacity: 100M
 Heap Initial Capacity: 100M
 Heap Max Capacity: 512M
 Pre-touch: Disabled
 Parallel Workers: 1

Heap:
 PSYoungGen      total 49152K, used 26111K [0x00000000f5580000, 0x00000000fa100000, 0x0000000100000000)
  eden space 26112K, 99% used [0x00000000f5580000,0x00000000f6effff8,0x00000000f6f00000)
  from space 23040K, 0% used [0x00000000f8a80000,0x00000000f8a80000,0x00000000fa100000)
  to   space 25088K, 0% used [0x00000000f6f00000,0x00000000f6f00000,0x00000000f8780000)
 ParOldGen       total 349696K, used 349695K [0x00000000e0000000, 0x00000000f5580000, 0x00000000f5580000)
  object space 349696K, 99% used [0x00000000e0000000,0x00000000f557ff80,0x00000000f5580000)
 Metaspace       used 56810K, committed 57728K, reserved 1105920K
  class space    used 5586K, committed 5952K, reserved 1048576K

Card table byte_map: [0x00007f4d7deb7000,0x00007f4d7dfb8000] _byte_map_base: 0x00007f4d7d7b7000

Marking Bits: (ParMarkBitMap*) 0x00007f4d7f6074c0
 Begin Bits: [0x00007f4d7cd0a000, 0x00007f4d7d50a000)
 End Bits:   [0x00007f4d7d50a000, 0x00007f4d7dd0a000)

Polling page: 0x00007f4d7e1d1000

Metaspace:

Usage:
  Non-class:     50.02 MB used.
      Class:      5.46 MB used.
       Both:     55.48 MB used.

Virtual space:
  Non-class space:       56.00 MB reserved,      50.56 MB ( 90%) committed,  7 nodes.
      Class space:        1.00 GB reserved,       5.81 MB ( <1%) committed,  1 nodes.
             Both:        1.05 GB reserved,      56.38 MB (  5%) committed. 

Chunk freelists:
   Non-Class:  1.29 MB
       Class:  2.20 MB
        Both:  3.49 MB

MaxMetaspaceSize: unlimited
CompressedClassSpaceSize: 1.00 GB
Initial GC threshold: 21.00 MB
Current GC threshold: 93.88 MB
CDS: on
MetaspaceReclaimPolicy: balanced
 - commit_granule_bytes: 65536.
 - commit_granule_words: 8192.
 - virtual_space_node_default_size: 1048576.
 - enlarge_chunks_in_place: 1.
 - new_chunks_are_fully_committed: 0.
 - uncommit_free_chunks: 1.
 - use_allocation_guard: 0.
 - handle_deallocations: 1.


Internal statistics:

num_allocs_failed_limit: 6.
num_arena_births: 364.
num_arena_deaths: 72.
num_vsnodes_births: 8.
num_vsnodes_deaths: 0.
num_space_committed: 901.
num_space_uncommitted: 0.
num_chunks_returned_to_freelist: 97.
num_chunks_taken_from_freelist: 2534.
num_chunk_merges: 39.
num_chunk_splits: 1654.
num_chunks_enlarged: 1052.
num_purges: 6.
num_inconsistent_stats: 0.

CodeHeap 'non-profiled nmethods': size=120036Kb used=2225Kb max_used=2225Kb free=117810Kb
 bounds [0x00007f4d66f7a000, 0x00007f4d671ea000, 0x00007f4d6e4b3000]
CodeHeap 'profiled nmethods': size=120032Kb used=14937Kb max_used=16255Kb free=105094Kb
 bounds [0x00007f4d5fa42000, 0x00007f4d60a22000, 0x00007f4d66f7a000]
CodeHeap 'non-nmethods': size=5692Kb used=1383Kb max_used=1396Kb free=4308Kb
 bounds [0x00007f4d5f4b3000, 0x00007f4d5f723000, 0x00007f4d5fa42000]
 total_blobs=7265 nmethods=6549 adapters=616
 compilation: enabled
              stopped_count=0, restarted_count=0
 full_count=0

JVMCI Events (20 events):
Event: 887.915 Thread 0x00007f4d780b2200 created JavaVM[7]@0x00007f4d2399e340 for JVMCI runtime 0
Event: 889.386 Thread 0x00007f4d780b2200 initializing JVMCI runtime 0
Event: 889.386 Thread 0x00007f4d780b2200 done waiting for JavaVM references initialization in JVMCI runtime 0
Event: 902.398 Thread 0x00007f4d780b2200 initialized JVMCI runtime 0
Event: 928.718 Thread 0x00007f4d780b2200 compacted oop handles in JVMCI runtime 0 from 54 to 51
Event: 935.792 Thread 0x00007f4d780b2200 compacted oop handles in JVMCI runtime 0 from 55 to 51
Event: 964.500 Thread 0x00007f4d780b2200 compacted oop handles in JVMCI runtime 0 from 56 to 55
Event: 964.500 Thread 0x00007f4d780b2200 compacted oop handles in JVMCI runtime 0 from 56 to 46
Event: 975.230 Thread 0x00007f4d780b2200 compacted oop handles in JVMCI runtime 0 from 69 to 63
Event: 976.682 Thread 0x00007f4d780b2200 detaching from JVMCI runtime 0: releasing idle compiler thread (0 other threads still attached)
Event: 976.682 Thread 0x00007f4d780b2200 shutting down HotSpotJVMCIRuntime for JVMCI runtime 0
Event: 976.682 Thread 0x00007f4d780b2200 shut down JVMCI runtime 0
Event: 978.231 Thread 0x00007f4d780b2200 destroyed JavaVM[7]@0x00007f4d2399e340 for JVMCI runtime 0
Event: 978.231 Thread 0x00007f4d780b2200 compacted oop handles in JVMCI runtime 0 from 63 to 63
Event: 978.231 Thread 0x00007f4d780b2200 releasing handles for JVMCI runtime 0: oop handles=63, metadata handles={total=141, live=131, blocks=29}
Event: 978.231 Thread 0x00007f4d780b2200 detached from JVMCI runtime 0
Event: 990.634 Thread 0x00007f4d780b2200 attached to JVMCI runtime 0
Event: 990.635 Thread 0x00007f4d780b2200 created JavaVM[8]@0x00007f4d2399e340 for JVMCI runtime 0
Event: 990.635 Thread 0x00007f4d780b2200 initializing JVMCI runtime 0
Event: 990.635 Thread 0x00007f4d780b2200 done waiting for JavaVM references initialization in JVMCI runtime 0

Compilation events (20 events):
Event: 917.717 Thread 0x00007f4d780b2200 nmethod 8943 0x00007f4d671a2390 code [0x00007f4d671a2520, 0x00007f4d671a2678]
Event: 917.717 Thread 0x00007f4d780b2200 8946       4       org.eclipse.core.runtime.Path::computeSegments (169 bytes)
Event: 928.718 Thread 0x00007f4d780b2200 nmethod 8946 0x00007f4d671a2810 code [0x00007f4d671a2a20, 0x00007f4d671a38d0]
Event: 928.719 Thread 0x00007f4d780b2200 8947       4       org.eclipse.core.runtime.Path::canonicalize (99 bytes)
Event: 935.792 Thread 0x00007f4d780b2200 nmethod 8947 0x00007f4d671a4110 code [0x00007f4d671a42c0, 0x00007f4d671a4700]
Event: 935.792 Thread 0x00007f4d780b2200 8944       4       org.eclipse.jdt.internal.core.CompilationUnit::getMainTypeName (11 bytes)
Event: 954.010 Thread 0x00007f4d780b3710 8948       3       java.util.concurrent.ThreadPoolExecutor::isShutdown (12 bytes)
Event: 954.010 Thread 0x00007f4d780b3710 nmethod 8948 0x00007f4d606fcd90 code [0x00007f4d606fcf40, 0x00007f4d606fd130]
Event: 964.500 Thread 0x00007f4d780b2200 nmethod 8944 0x00007f4d671a4a10 code [0x00007f4d671a4be0, 0x00007f4d671a5330]
Event: 964.500 Thread 0x00007f4d780b2200 8945       4       java.util.Properties::getProperty (50 bytes)
Event: 968.917 Thread 0x00007f4d780b3710 8950       3       org.eclipse.jface.text.AbstractLineTracker::hasActiveRewriteSession (11 bytes)
Event: 968.918 Thread 0x00007f4d780b3710 nmethod 8950 0x00007f4d60917f90 code [0x00007f4d60918140, 0x00007f4d609182b0]
Event: 968.918 Thread 0x00007f4d780b3710 8951       3       org.eclipse.jdt.internal.compiler.util.HashtableOfObjectToInt::<init> (48 bytes)
Event: 968.918 Thread 0x00007f4d780b3710 nmethod 8951 0x00007f4d604eec10 code [0x00007f4d604eede0, 0x00007f4d604ef110]
Event: 968.918 Thread 0x00007f4d780b2200 nmethod 8945 0x00007f4d671a5810 code [0x00007f4d671a59a0, 0x00007f4d671a5a90]
Event: 968.919 Thread 0x00007f4d780b2200 8949       4       org.eclipse.core.runtime.Path::collapseSlashes (144 bytes)
Event: 975.230 Thread 0x00007f4d780b2200 nmethod 8949 0x00007f4d671a5c10 code [0x00007f4d671a5de0, 0x00007f4d671a6280]
Event: 990.634 Thread 0x00007f4d780b2200 8952  s    4       java.util.Hashtable::get (69 bytes)
Event: 1005.124 Thread 0x00007f4d780b3710 8953       3       java.util.concurrent.ScheduledThreadPoolExecutor::canRunInCurrentRunState (61 bytes)
Event: 1005.125 Thread 0x00007f4d780b3710 nmethod 8953 0x00007f4d60327190 code [0x00007f4d603273a0, 0x00007f4d60327e40]

GC Heap History (20 events):
Event: 1009.734 GC heap before
{Heap before GC invocations=676 (full 590):
 PSYoungGen      total 49152K, used 26111K [0x00000000f5580000, 0x00000000fa100000, 0x0000000100000000)
  eden space 26112K, 99% used [0x00000000f5580000,0x00000000f6effff8,0x00000000f6f00000)
  from space 23040K, 0% used [0x00000000f8a80000,0x00000000f8a80000,0x00000000fa100000)
  to   space 25088K, 0% used [0x00000000f6f00000,0x00000000f6f00000,0x00000000f8780000)
 ParOldGen       total 349696K, used 349690K [0x00000000e0000000, 0x00000000f5580000, 0x00000000f5580000)
  object space 349696K, 99% used [0x00000000e0000000,0x00000000f557e8d0,0x00000000f5580000)
 Metaspace       used 56810K, committed 57728K, reserved 1105920K
  class space    used 5586K, committed 5952K, reserved 1048576K
}
Event: 1011.119 GC heap after
{Heap after GC invocations=676 (full 590):
 PSYoungGen      total 51200K, used 26111K [0x00000000f5580000, 0x00000000fa100000, 0x0000000100000000)
  eden space 26112K, 99% used [0x00000000f5580000,0x00000000f6efffd8,0x00000000f6f00000)
  from space 25088K, 0% used [0x00000000f6f00000,0x00000000f6f00000,0x00000000f8780000)
  to   space 23040K, 0% used [0x00000000f8a80000,0x00000000f8a80000,0x00000000fa100000)
 ParOldGen       total 349696K, used 349689K [0x00000000e0000000, 0x00000000f5580000, 0x00000000f5580000)
  object space 349696K, 99% used [0x00000000e0000000,0x00000000f557e6c8,0x00000000f5580000)
 Metaspace       used 56810K, committed 57728K, reserved 1105920K
  class space    used 5586K, committed 5952K, reserved 1048576K
}
Event: 1011.173 GC heap before
{Heap before GC invocations=677 (full 591):
 PSYoungGen      total 51200K, used 26111K [0x00000000f5580000, 0x00000000fa100000, 0x0000000100000000)
  eden space 26112K, 99% used [0x00000000f5580000,0x00000000f6effff0,0x00000000f6f00000)
  from space 25088K, 0% used [0x00000000f6f00000,0x00000000f6f00000,0x00000000f8780000)
  to   space 23040K, 0% used [0x00000000f8a80000,0x00000000f8a80000,0x00000000fa100000)
 ParOldGen       total 349696K, used 349689K [0x00000000e0000000, 0x00000000f5580000, 0x00000000f5580000)
  object space 349696K, 99% used [0x00000000e0000000,0x00000000f557e6c8,0x00000000f5580000)
 Metaspace       used 56810K, committed 57728K, reserved 1105920K
  class space    used 5586K, committed 5952K, reserved 1048576K
}
Event: 1012.610 GC heap after
{Heap after GC invocations=677 (full 591):
 PSYoungGen      total 49152K, used 26111K [0x00000000f5580000, 0x00000000fa100000, 0x0000000100000000)
  eden space 26112K, 99% used [0x00000000f5580000,0x00000000f6efffd8,0x00000000f6f00000)
  from space 23040K, 0% used [0x00000000f8a80000,0x00000000f8a80000,0x00000000fa100000)
  to   space 25088K, 0% used [0x00000000f6f00000,0x00000000f6f00000,0x00000000f8780000)
 ParOldGen       total 349696K, used 349689K [0x00000000e0000000, 0x00000000f5580000, 0x00000000f5580000)
  object space 349696K, 99% used [0x00000000e0000000,0x00000000f557e6a8,0x00000000f5580000)
 Metaspace       used 56810K, committed 57728K, reserved 1105920K
  class space    used 5586K, committed 5952K, reserved 1048576K
}
Event: 1012.615 GC heap before
{Heap before GC invocations=678 (full 592):
 PSYoungGen      total 49152K, used 26111K [0x00000000f5580000, 0x00000000fa100000, 0x0000000100000000)
  eden space 26112K, 99% used [0x00000000f5580000,0x00000000f6effff8,0x00000000f6f00000)
  from space 23040K, 0% used [0x00000000f8a80000,0x00000000f8a80000,0x00000000fa100000)
  to   space 25088K, 0% used [0x00000000f6f00000,0x00000000f6f00000,0x00000000f8780000)
 ParOldGen       total 349696K, used 349689K [0x00000000e0000000, 0x00000000f5580000, 0x00000000f5580000)
  object space 349696K, 99% used [0x00000000e0000000,0x00000000f557e6a8,0x00000000f5580000)
 Metaspace       used 56810K, committed 57728K, reserved 1105920K
  class space    used 5586K, committed 5952K, reserved 1048576K
}
Event: 1014.104 GC heap after
{Heap after GC invocations=678 (full 592):
 PSYoungGen      total 51200K, used 26111K [0x00000000f5580000, 0x00000000fa100000, 0x0000000100000000)
  eden space 26112K, 99% used [0x00000000f5580000,0x00000000f6effff8,0x00000000f6f00000)
  from space 25088K, 0% used [0x00000000f6f00000,0x00000000f6f00000,0x00000000f8780000)
  to   space 23040K, 0% used [0x00000000f8a80000,0x00000000f8a80000,0x00000000fa100000)
 ParOldGen       total 349696K, used 349689K [0x00000000e0000000, 0x00000000f5580000, 0x00000000f5580000)
  object space 349696K, 99% used [0x00000000e0000000,0x00000000f557e690,0x00000000f5580000)
 Metaspace       used 56810K, committed 57728K, reserved 1105920K
  class space    used 5586K, committed 5952K, reserved 1048576K
}
Event: 1014.105 GC heap before
{Heap before GC invocations=679 (full 593):
 PSYoungGen      total 51200K, used 26111K [0x00000000f5580000, 0x00000000fa100000, 0x0000000100000000)
  eden space 26112K, 99% used [0x00000000f5580000,0x00000000f6effff8,0x00000000f6f00000)
  from space 25088K, 0% used [0x00000000f6f00000,0x00000000f6f00000,0x00000000f8780000)
  to   space 23040K, 0% used [0x00000000f8a80000,0x00000000f8a80000,0x00000000fa100000)
 ParOldGen       total 349696K, used 349691K [0x00000000e0000000, 0x00000000f5580000, 0x00000000f5580000)
  object space 349696K, 99% used [0x00000000e0000000,0x00000000f557ee10,0x00000000f5580000)
 Metaspace       used 56810K, committed 57728K, reserved 1105920K
  class space    used 5586K, committed 5952K, reserved 1048576K
}
Event: 1015.485 GC heap after
{Heap after GC invocations=679 (full 593):
 PSYoungGen      total 49152K, used 26111K [0x00000000f5580000, 0x00000000fa100000, 0x0000000100000000)
  eden space 26112K, 99% used [0x00000000f5580000,0x00000000f6effff8,0x00000000f6f00000)
  from space 23040K, 0% used [0x00000000f8a80000,0x00000000f8a80000,0x00000000fa100000)
  to   space 25088K, 0% used [0x00000000f6f00000,0x00000000f6f00000,0x00000000f8780000)
 ParOldGen       total 349696K, used 349691K [0x00000000e0000000, 0x00000000f5580000, 0x00000000f5580000)
  object space 349696K, 99% used [0x00000000e0000000,0x00000000f557ec50,0x00000000f5580000)
 Metaspace       used 56810K, committed 57728K, reserved 1105920K
  class space    used 5586K, committed 5952K, reserved 1048576K
}
Event: 1015.485 GC heap before
{Heap before GC invocations=680 (full 594):
 PSYoungGen      total 49152K, used 26111K [0x00000000f5580000, 0x00000000fa100000, 0x0000000100000000)
  eden space 26112K, 99% used [0x00000000f5580000,0x00000000f6effff8,0x00000000f6f00000)
  from space 23040K, 0% used [0x00000000f8a80000,0x00000000f8a80000,0x00000000fa100000)
  to   space 25088K, 0% used [0x00000000f6f00000,0x00000000f6f00000,0x00000000f8780000)
 ParOldGen       total 349696K, used 349692K [0x00000000e0000000, 0x00000000f5580000, 0x00000000f5580000)
  object space 349696K, 99% used [0x00000000e0000000,0x00000000f557f110,0x00000000f5580000)
 Metaspace       used 56810K, committed 57728K, reserved 1105920K
  class space    used 5586K, committed 5952K, reserved 1048576K
}
Event: 1016.910 GC heap after
{Heap after GC invocations=680 (full 594):
 PSYoungGen      total 51200K, used 26111K [0x00000000f5580000, 0x00000000fa100000, 0x0000000100000000)
  eden space 26112K, 99% used [0x00000000f5580000,0x00000000f6effff8,0x00000000f6f00000)
  from space 25088K, 0% used [0x00000000f6f00000,0x00000000f6f00000,0x00000000f8780000)
  to   space 23040K, 0% used [0x00000000f8a80000,0x00000000f8a80000,0x00000000fa100000)
 ParOldGen       total 349696K, used 349691K [0x00000000e0000000, 0x00000000f5580000, 0x00000000f5580000)
  object space 349696K, 99% used [0x00000000e0000000,0x00000000f557ee30,0x00000000f5580000)
 Metaspace       used 56810K, committed 57728K, reserved 1105920K
  class space    used 5586K, committed 5952K, reserved 1048576K
}
Event: 1016.913 GC heap before
{Heap before GC invocations=681 (full 595):
 PSYoungGen      total 51200K, used 26111K [0x00000000f5580000, 0x00000000fa100000, 0x0000000100000000)
  eden space 26112K, 99% used [0x00000000f5580000,0x00000000f6effff8,0x00000000f6f00000)
  from space 25088K, 0% used [0x00000000f6f00000,0x00000000f6f00000,0x00000000f8780000)
  to   space 23040K, 0% used [0x00000000f8a80000,0x00000000f8a80000,0x00000000fa100000)
 ParOldGen       total 349696K, used 349695K [0x00000000e0000000, 0x00000000f5580000, 0x00000000f5580000)
  object space 349696K, 99% used [0x00000000e0000000,0x00000000f557fd18,0x00000000f5580000)
 Metaspace       used 56810K, committed 57728K, reserved 1105920K
  class space    used 5586K, committed 5952K, reserved 1048576K
}
Event: 1018.411 GC heap after
{Heap after GC invocations=681 (full 595):
 PSYoungGen      total 49152K, used 26111K [0x00000000f5580000, 0x00000000fa100000, 0x0000000100000000)
  eden space 26112K, 99% used [0x00000000f5580000,0x00000000f6effff8,0x00000000f6f00000)
  from space 23040K, 0% used [0x00000000f8a80000,0x00000000f8a80000,0x00000000fa100000)
  to   space 25088K, 0% used [0x00000000f6f00000,0x00000000f6f00000,0x00000000f8780000)
 ParOldGen       total 349696K, used 349694K [0x00000000e0000000, 0x00000000f5580000, 0x00000000f5580000)
  object space 349696K, 99% used [0x00000000e0000000,0x00000000f557fb50,0x00000000f5580000)
 Metaspace       used 56810K, committed 57728K, reserved 1105920K
  class space    used 5586K, committed 5952K, reserved 1048576K
}
Event: 1018.411 GC heap before
{Heap before GC invocations=682 (full 596):
 PSYoungGen      total 49152K, used 26111K [0x00000000f5580000, 0x00000000fa100000, 0x0000000100000000)
  eden space 26112K, 99% used [0x00000000f5580000,0x00000000f6effff8,0x00000000f6f00000)
  from space 23040K, 0% used [0x00000000f8a80000,0x00000000f8a80000,0x00000000fa100000)
  to   space 25088K, 0% used [0x00000000f6f00000,0x00000000f6f00000,0x00000000f8780000)
 ParOldGen       total 349696K, used 349695K [0x00000000e0000000, 0x00000000f5580000, 0x00000000f5580000)
  object space 349696K, 99% used [0x00000000e0000000,0x00000000f557fff8,0x00000000f5580000)
 Metaspace       used 56810K, committed 57728K, reserved 1105920K
  class space    used 5586K, committed 5952K, reserved 1048576K
}
Event: 1019.811 GC heap after
{Heap after GC invocations=682 (full 596):
 PSYoungGen      total 51200K, used 26111K [0x00000000f5580000, 0x00000000fa100000, 0x0000000100000000)
  eden space 26112K, 99% used [0x00000000f5580000,0x00000000f6effff8,0x00000000f6f00000)
  from space 25088K, 0% used [0x00000000f6f00000,0x00000000f6f00000,0x00000000f8780000)
  to   space 23040K, 0% used [0x00000000f8a80000,0x00000000f8a80000,0x00000000fa100000)
 ParOldGen       total 349696K, used 349695K [0x00000000e0000000, 0x00000000f5580000, 0x00000000f5580000)
  object space 349696K, 99% used [0x00000000e0000000,0x00000000f557fd20,0x00000000f5580000)
 Metaspace       used 56810K, committed 57728K, reserved 1105920K
  class space    used 5586K, committed 5952K, reserved 1048576K
}
Event: 1019.811 GC heap before
{Heap before GC invocations=683 (full 597):
 PSYoungGen      total 51200K, used 26111K [0x00000000f5580000, 0x00000000fa100000, 0x0000000100000000)
  eden space 26112K, 99% used [0x00000000f5580000,0x00000000f6effff8,0x00000000f6f00000)
  from space 25088K, 0% used [0x00000000f6f00000,0x00000000f6f00000,0x00000000f8780000)
  to   space 23040K, 0% used [0x00000000f8a80000,0x00000000f8a80000,0x00000000fa100000)
 ParOldGen       total 349696K, used 349695K [0x00000000e0000000, 0x00000000f5580000, 0x00000000f5580000)
  object space 349696K, 99% used [0x00000000e0000000,0x00000000f557fe50,0x00000000f5580000)
 Metaspace       used 56810K, committed 57728K, reserved 1105920K
  class space    used 5586K, committed 5952K, reserved 1048576K
}
Event: 1021.223 GC heap after
{Heap after GC invocations=683 (full 597):
 PSYoungGen      total 49152K, used 26111K [0x00000000f5580000, 0x00000000fa100000, 0x0000000100000000)
  eden space 26112K, 99% used [0x00000000f5580000,0x00000000f6effff8,0x00000000f6f00000)
  from space 23040K, 0% used [0x00000000f8a80000,0x00000000f8a80000,0x00000000fa100000)
  to   space 25088K, 0% used [0x00000000f6f00000,0x00000000f6f00000,0x00000000f8780000)
 ParOldGen       total 349696K, used 349695K [0x00000000e0000000, 0x00000000f5580000, 0x00000000f5580000)
  object space 349696K, 99% used [0x00000000e0000000,0x00000000f557fd40,0x00000000f5580000)
 Metaspace       used 56810K, committed 57728K, reserved 1105920K
  class space    used 5586K, committed 5952K, reserved 1048576K
}
Event: 1021.233 GC heap before
{Heap before GC invocations=684 (full 598):
 PSYoungGen      total 49152K, used 26111K [0x00000000f5580000, 0x00000000fa100000, 0x0000000100000000)
  eden space 26112K, 99% used [0x00000000f5580000,0x00000000f6effff8,0x00000000f6f00000)
  from space 23040K, 0% used [0x00000000f8a80000,0x00000000f8a80000,0x00000000fa100000)
  to   space 25088K, 0% used [0x00000000f6f00000,0x00000000f6f00000,0x00000000f8780000)
 ParOldGen       total 349696K, used 349695K [0x00000000e0000000, 0x00000000f5580000, 0x00000000f5580000)
  object space 349696K, 99% used [0x00000000e0000000,0x00000000f557fe90,0x00000000f5580000)
 Metaspace       used 56810K, committed 57728K, reserved 1105920K
  class space    used 5586K, committed 5952K, reserved 1048576K
}
Event: 1022.598 GC heap after
{Heap after GC invocations=684 (full 598):
 PSYoungGen      total 51200K, used 26111K [0x00000000f5580000, 0x00000000fa100000, 0x0000000100000000)
  eden space 26112K, 99% used [0x00000000f5580000,0x00000000f6effff8,0x00000000f6f00000)
  from space 25088K, 0% used [0x00000000f6f00000,0x00000000f6f00000,0x00000000f8780000)
  to   space 23040K, 0% used [0x00000000f8a80000,0x00000000f8a80000,0x00000000fa100000)
 ParOldGen       total 349696K, used 349695K [0x00000000e0000000, 0x00000000f5580000, 0x00000000f5580000)
  object space 349696K, 99% used [0x00000000e0000000,0x00000000f557fd40,0x00000000f5580000)
 Metaspace       used 56810K, committed 57728K, reserved 1105920K
  class space    used 5586K, committed 5952K, reserved 1048576K
}
Event: 1022.598 GC heap before
{Heap before GC invocations=685 (full 599):
 PSYoungGen      total 51200K, used 26111K [0x00000000f5580000, 0x00000000fa100000, 0x0000000100000000)
  eden space 26112K, 99% used [0x00000000f5580000,0x00000000f6effff8,0x00000000f6f00000)
  from space 25088K, 0% used [0x00000000f6f00000,0x00000000f6f00000,0x00000000f8780000)
  to   space 23040K, 0% used [0x00000000f8a80000,0x00000000f8a80000,0x00000000fa100000)
 ParOldGen       total 349696K, used 349695K [0x00000000e0000000, 0x00000000f5580000, 0x00000000f5580000)
  object space 349696K, 99% used [0x00000000e0000000,0x00000000f557fd40,0x00000000f5580000)
 Metaspace       used 56810K, committed 57728K, reserved 1105920K
  class space    used 5586K, committed 5952K, reserved 1048576K
}
Event: 1024.002 GC heap after
{Heap after GC invocations=685 (full 599):
 PSYoungGen      total 49152K, used 26111K [0x00000000f5580000, 0x00000000fa100000, 0x0000000100000000)
  eden space 26112K, 99% used [0x00000000f5580000,0x00000000f6effff8,0x00000000f6f00000)
  from space 23040K, 0% used [0x00000000f8a80000,0x00000000f8a80000,0x00000000fa100000)
  to   space 25088K, 0% used [0x00000000f6f00000,0x00000000f6f00000,0x00000000f8780000)
 ParOldGen       total 349696K, used 349695K [0x00000000e0000000, 0x00000000f5580000, 0x00000000f5580000)
  object space 349696K, 99% used [0x00000000e0000000,0x00000000f557fd40,0x00000000f5580000)
 Metaspace       used 56810K, committed 57728K, reserved 1105920K
  class space    used 5586K, committed 5952K, reserved 1048576K
}

Dll operation events (9 events):
Event: 0.017 Loaded shared library /nix/store/gpxl5qgg8kicmcvivwmybwjlpf7wh20l-graalvm17-ce-22.3.0/lib/libjava.so
Event: 0.028 Loaded shared library /nix/store/gpxl5qgg8kicmcvivwmybwjlpf7wh20l-graalvm17-ce-22.3.0/lib/libjsvml.so
Event: 0.603 Loaded shared library /nix/store/gpxl5qgg8kicmcvivwmybwjlpf7wh20l-graalvm17-ce-22.3.0/lib/libnio.so
Event: 0.621 Loaded shared library /nix/store/gpxl5qgg8kicmcvivwmybwjlpf7wh20l-graalvm17-ce-22.3.0/lib/libzip.so
Event: 0.634 Loaded shared library /nix/store/gpxl5qgg8kicmcvivwmybwjlpf7wh20l-graalvm17-ce-22.3.0/lib/libjvmcicompiler.so
Event: 1.011 Loaded shared library /nix/store/gpxl5qgg8kicmcvivwmybwjlpf7wh20l-graalvm17-ce-22.3.0/lib/libjimage.so
Event: 1.701 Loaded shared library /nix/store/gpxl5qgg8kicmcvivwmybwjlpf7wh20l-graalvm17-ce-22.3.0/lib/libnet.so
Event: 8.893 Loaded shared library /home/runner/.cache/jdt-language-server/config/org.eclipse.equinox.launcher/org.eclipse.equinox.launcher.gtk.linux.x86_64_1.2.400.v20211117-0650/eclipse_11600.so
Event: 24.845 Loaded shared library /nix/store/gpxl5qgg8kicmcvivwmybwjlpf7wh20l-graalvm17-ce-22.3.0/lib/libextnet.so

Deoptimization events (20 events):
Event: 87.879 Thread 0x00007f4d0c481d80 DEOPT PACKING pc=0x00007f4d5fb357dd sp=0x00007f4d257fe530
Event: 87.879 Thread 0x00007f4d0c481d80 DEOPT UNPACKING pc=0x00007f4d5f505325 sp=0x00007f4d257fda20 mode 0
Event: 87.881 Thread 0x00007f4d0c481d80 DEOPT PACKING pc=0x00007f4d5fb357dd sp=0x00007f4d257fe530
Event: 87.881 Thread 0x00007f4d0c481d80 DEOPT UNPACKING pc=0x00007f4d5f505325 sp=0x00007f4d257fda20 mode 0
Event: 87.884 Thread 0x00007f4d0c481d80 DEOPT PACKING pc=0x00007f4d5fb357dd sp=0x00007f4d257fe530
Event: 87.884 Thread 0x00007f4d0c481d80 DEOPT UNPACKING pc=0x00007f4d5f505325 sp=0x00007f4d257fda20 mode 0
Event: 87.885 Thread 0x00007f4d0c481d80 DEOPT PACKING pc=0x00007f4d5fb357dd sp=0x00007f4d257fe530
Event: 87.885 Thread 0x00007f4d0c481d80 DEOPT UNPACKING pc=0x00007f4d5f505325 sp=0x00007f4d257fda20 mode 0
Event: 87.888 Thread 0x00007f4d0c481d80 DEOPT PACKING pc=0x00007f4d5fb357dd sp=0x00007f4d257fe530
Event: 87.888 Thread 0x00007f4d0c481d80 DEOPT UNPACKING pc=0x00007f4d5f505325 sp=0x00007f4d257fda20 mode 0
Event: 87.892 Thread 0x00007f4d0c481d80 DEOPT PACKING pc=0x00007f4d5fb357dd sp=0x00007f4d257fe530
Event: 87.892 Thread 0x00007f4d0c481d80 DEOPT UNPACKING pc=0x00007f4d5f505325 sp=0x00007f4d257fda20 mode 0
Event: 87.973 Thread 0x00007f4d0c481d80 DEOPT PACKING pc=0x00007f4d5fb357dd sp=0x00007f4d257fe530
Event: 87.973 Thread 0x00007f4d0c481d80 DEOPT UNPACKING pc=0x00007f4d5f505325 sp=0x00007f4d257fda20 mode 0
Event: 358.503 Thread 0x00007f4d780b2200 Uncommon trap: trap_request=0xffffffcd fr.pc=0x00007f4d67125406 relative=0x00000000000004c6
Event: 358.503 Thread 0x00007f4d780b2200 Uncommon trap: reason=intrinsic_or_type_checked_inlining action=reinterpret pc=0x00007f4d67125406 method=java.io.DataOutputStream.writeInt(I)V @ 0 jvmci
Event: 358.503 Thread 0x00007f4d780b2200 DEOPT PACKING pc=0x00007f4d67125406 sp=0x00007f4d5e718000
Event: 358.503 Thread 0x00007f4d780b2200 DEOPT UNPACKING pc=0x00007f4d5f505325 sp=0x00007f4d5e7174d8 mode 3
Event: 482.901 Thread 0x00007f4d780b2200 DEOPT PACKING pc=0x00007f4d6056ec70 sp=0x00007f4d5e717ef0
Event: 482.901 Thread 0x00007f4d780b2200 DEOPT UNPACKING pc=0x00007f4d5f505325 sp=0x00007f4d5e717458 mode 0

Classes unloaded (20 events):
Event: 153.284 Thread 0x00007f4d780a1c10 Unloading class 0x0000000801054800 'java/lang/invoke/LambdaForm$MH+0x0000000801054800'
Event: 153.284 Thread 0x00007f4d780a1c10 Unloading class 0x0000000801054400 'java/lang/invoke/LambdaForm$MH+0x0000000801054400'
Event: 153.284 Thread 0x00007f4d780a1c10 Unloading class 0x0000000801054000 'java/lang/invoke/LambdaForm$MH+0x0000000801054000'
Event: 153.284 Thread 0x00007f4d780a1c10 Unloading class 0x0000000800ef9000 'jdk/internal/reflect/GeneratedConstructorAccessor12'
Event: 153.284 Thread 0x00007f4d780a1c10 Unloading class 0x0000000800ef8800 'jdk/internal/reflect/GeneratedConstructorAccessor10'
Event: 153.284 Thread 0x00007f4d780a1c10 Unloading class 0x0000000800ef8400 'jdk/internal/reflect/GeneratedConstructorAccessor9'
Event: 153.284 Thread 0x00007f4d780a1c10 Unloading class 0x0000000800ef8000 'jdk/internal/reflect/GeneratedConstructorAccessor8'
Event: 153.285 Thread 0x00007f4d780a1c10 Unloading class 0x0000000800d99000 'java/lang/invoke/LambdaForm$MH+0x0000000800d99000'
Event: 153.285 Thread 0x00007f4d780a1c10 Unloading class 0x0000000800d98c00 'java/lang/invoke/LambdaForm$MH+0x0000000800d98c00'
Event: 153.285 Thread 0x00007f4d780a1c10 Unloading class 0x0000000800d98800 'java/lang/invoke/LambdaForm$MH+0x0000000800d98800'
Event: 153.285 Thread 0x00007f4d780a1c10 Unloading class 0x0000000800d98400 'java/lang/invoke/LambdaForm$MH+0x0000000800d98400'
Event: 153.285 Thread 0x00007f4d780a1c10 Unloading class 0x0000000800d98000 'jdk/internal/reflect/GeneratedConstructorAccessor3'
Event: 153.285 Thread 0x00007f4d780a1c10 Unloading class 0x0000000800d06800 'java/lang/invoke/LambdaForm$MH+0x0000000800d06800'
Event: 153.285 Thread 0x00007f4d780a1c10 Unloading class 0x0000000800d06000 'java/lang/invoke/LambdaForm$MH+0x0000000800d06000'
Event: 153.285 Thread 0x00007f4d780a1c10 Unloading class 0x0000000800d05c00 'java/lang/invoke/LambdaForm$MH+0x0000000800d05c00'
Event: 153.285 Thread 0x00007f4d780a1c10 Unloading class 0x0000000800d05800 'java/lang/invoke/LambdaForm$MH+0x0000000800d05800'
Event: 153.285 Thread 0x00007f4d780a1c10 Unloading class 0x0000000800d05000 'java/lang/invoke/LambdaForm$MH+0x0000000800d05000'
Event: 153.285 Thread 0x00007f4d780a1c10 Unloading class 0x0000000800d04c00 'java/lang/invoke/LambdaForm$MH+0x0000000800d04c00'
Event: 153.285 Thread 0x00007f4d780a1c10 Unloading class 0x0000000800d04800 'java/lang/invoke/LambdaForm$MH+0x0000000800d04800'
Event: 153.285 Thread 0x00007f4d780a1c10 Unloading class 0x0000000800d04000 'java/lang/invoke/LambdaForm$MH+0x0000000800d04000'

Classes redefined (0 events):
No events

Internal exceptions (20 events):
Event: 70.081 Thread 0x00007f4d081c30c0 Exception <a 'java/lang/ArrayIndexOutOfBoundsException'{0x00000000f68006b8}: Index 53 out of bounds for length 53> (0x00000000f68006b8) 
thrown [src/hotspot/share/interpreter/interpreterRuntime.cpp, line 428]
Event: 70.082 Thread 0x00007f4d081c5610 Exception <a 'java/lang/ArrayIndexOutOfBoundsException'{0x00000000f685d7a0}: Index 53 out of bounds for length 53> (0x00000000f685d7a0) 
thrown [src/hotspot/share/interpreter/interpreterRuntime.cpp, line 428]
Event: 70.083 Thread 0x00007f4d081c3b60 Exception <a 'java/lang/ArrayIndexOutOfBoundsException'{0x00000000f68a72c8}: Index 53 out of bounds for length 53> (0x00000000f68a72c8) 
thrown [src/hotspot/share/interpreter/interpreterRuntime.cpp, line 428]
Event: 70.576 Thread 0x00007f4d081f7a20 Exception <a 'java/lang/ArrayIndexOutOfBoundsException'{0x00000000f76ab9c0}: Index 53 out of bounds for length 53> (0x00000000f76ab9c0) 
thrown [src/hotspot/share/interpreter/interpreterRuntime.cpp, line 428]
Event: 70.881 Thread 0x00007f4d081fcb50 Exception <a 'java/lang/ArrayIndexOutOfBoundsException'{0x00000000f5677750}: Index 53 out of bounds for length 53> (0x00000000f5677750) 
thrown [src/hotspot/share/interpreter/interpreterRuntime.cpp, line 428]
Event: 70.883 Thread 0x00007f4d081f7a20 Exception <a 'java/lang/ArrayIndexOutOfBoundsException'{0x00000000f56cb330}: Index 53 out of bounds for length 53> (0x00000000f56cb330) 
thrown [src/hotspot/share/interpreter/interpreterRuntime.cpp, line 428]
Event: 70.979 Thread 0x00007f4d081c30c0 Exception <a 'java/lang/ArrayIndexOutOfBoundsException'{0x00000000f5903e18}: Index 53 out of bounds for length 53> (0x00000000f5903e18) 
thrown [src/hotspot/share/interpreter/interpreterRuntime.cpp, line 428]
Event: 70.982 Thread 0x00007f4d081f7a20 Exception <a 'java/lang/ArrayIndexOutOfBoundsException'{0x00000000f59ab938}: Index 53 out of bounds for length 53> (0x00000000f59ab938) 
thrown [src/hotspot/share/interpreter/interpreterRuntime.cpp, line 428]
Event: 71.076 Thread 0x00007f4d081c5610 Exception <a 'java/lang/ArrayIndexOutOfBoundsException'{0x00000000f5cf60c8}: Index 53 out of bounds for length 53> (0x00000000f5cf60c8) 
thrown [src/hotspot/share/interpreter/interpreterRuntime.cpp, line 428]
Event: 71.176 Thread 0x00007f4d081fcb50 Exception <a 'java/lang/ArrayIndexOutOfBoundsException'{0x00000000f5f9f1a0}: Index 53 out of bounds for length 53> (0x00000000f5f9f1a0) 
thrown [src/hotspot/share/interpreter/interpreterRuntime.cpp, line 428]
Event: 71.178 Thread 0x00007f4d081c3b60 Exception <a 'java/lang/ArrayIndexOutOfBoundsException'{0x00000000f61db180}: Index 53 out of bounds for length 53> (0x00000000f61db180) 
thrown [src/hotspot/share/interpreter/interpreterRuntime.cpp, line 428]
Event: 71.276 Thread 0x00007f4d081c30c0 Exception <a 'java/lang/ArrayIndexOutOfBoundsException'{0x00000000f65b5330}: Index 53 out of bounds for length 53> (0x00000000f65b5330) 
thrown [src/hotspot/share/interpreter/interpreterRuntime.cpp, line 428]
Event: 71.383 Thread 0x00007f4d081fcb50 Exception <a 'java/lang/NoSuchMethodError'{0x00000000f6ac2f30}: 'java.lang.Object java.lang.invoke.DirectMethodHandle$Holder.invokeSpecial(java.lang.Object, java.lang.Object, int, java.lang.Object, java.lang.Object, java.lang.Object, java.lang.Object, java.lang.Object)'> (0x00000000f6ac2f30) 
thrown [src/hotspot/share/interpreter/linkResolver.cpp, line 758]
Event: 71.482 Thread 0x00007f4d081c3b60 Exception <a 'java/lang/ArrayIndexOutOfBoundsException'{0x00000000f6e7ce78}: Index 53 out of bounds for length 53> (0x00000000f6e7ce78) 
thrown [src/hotspot/share/interpreter/interpreterRuntime.cpp, line 428]
Event: 71.578 Thread 0x00007f4d081c5610 Exception <a 'java/lang/ArrayIndexOutOfBoundsException'{0x00000000f7044370}: Index 53 out of bounds for length 53> (0x00000000f7044370) 
thrown [src/hotspot/share/interpreter/interpreterRuntime.cpp, line 428]
Event: 71.679 Thread 0x00007f4d081c3b60 Exception <a 'java/lang/NoSuchMethodError'{0x00000000f73f7b28}: 'void java.lang.invoke.DirectMethodHandle$Holder.invokeSpecial(java.lang.Object, java.lang.Object, int)'> (0x00000000f73f7b28) 
thrown [src/hotspot/share/interpreter/linkResolver.cpp, line 758]
Event: 74.686 Thread 0x00007f4d081c5610 Exception <a 'java/lang/NoSuchMethodError'{0x00000000f5978938}: 'int java.lang.invoke.DirectMethodHandle$Holder.invokeSpecialIFC(java.lang.Object, java.lang.Object, java.lang.Object, java.lang.Object)'> (0x00000000f5978938) 
thrown [src/hotspot/share/interpreter/linkResolver.cpp, line 758]
Event: 986.194 Thread 0x00007f4d784cc9e0 Exception <a 'java/lang/OutOfMemoryError'{0x00000000e0010278}> (0x00000000e0010278) 
thrown [src/hotspot/share/gc/shared/memAllocator.cpp, line 136]
Event: 993.649 Thread 0x00007f4d784cc9e0 Exception <a 'java/lang/reflect/InvocationTargetException'{0x00000000f6efffb0}> (0x00000000f6efffb0) 
thrown [src/hotspot/share/runtime/reflection.cpp, line 1119]
Event: 1024.002 Thread 0x00007f4d780b2200 Exception <a 'java/lang/OutOfMemoryError'{0x00000000e0010548}> (0x00000000e0010548) 
thrown [src/hotspot/share/gc/shared/memAllocator.cpp, line 136]

VM Operations (20 events):
Event: 1008.209 Executing VM operation: ParallelGCFailedAllocation
Event: 1009.734 Executing VM operation: ParallelGCFailedAllocation done
Event: 1009.734 Executing VM operation: ParallelGCFailedAllocation
Event: 1011.119 Executing VM operation: ParallelGCFailedAllocation done
Event: 1011.173 Executing VM operation: ParallelGCFailedAllocation
Event: 1012.610 Executing VM operation: ParallelGCFailedAllocation done
Event: 1012.610 Executing VM operation: ParallelGCFailedAllocation
Event: 1014.104 Executing VM operation: ParallelGCFailedAllocation done
Event: 1014.105 Executing VM operation: ParallelGCFailedAllocation
Event: 1015.485 Executing VM operation: ParallelGCFailedAllocation done
Event: 1015.485 Executing VM operation: ParallelGCFailedAllocation
Event: 1016.910 Executing VM operation: ParallelGCFailedAllocation done
Event: 1016.910 Executing VM operation: ParallelGCFailedAllocation
Event: 1018.411 Executing VM operation: ParallelGCFailedAllocation done
Event: 1018.411 Executing VM operation: ParallelGCFailedAllocation
Event: 1019.811 Executing VM operation: ParallelGCFailedAllocation done
Event: 1019.811 Executing VM operation: ParallelGCFailedAllocation
Event: 1021.224 Executing VM operation: ParallelGCFailedAllocation done
Event: 1021.224 Executing VM operation: ParallelGCFailedAllocation
Event: 1024.002 Executing VM operation: ParallelGCFailedAllocation done

Events (20 events):
Event: 68.787 Thread 0x00007f4d780b4b60 flushing nmethod 0x00007f4d609d1390
Event: 72.281 loading class java/util/AbstractList$SubList
Event: 72.281 loading class java/util/AbstractList$SubList done
Event: 74.778 Thread 0x00007f4d081c30c0 Thread exited: 0x00007f4d081c30c0
Event: 74.778 Thread 0x00007f4d081c5610 Thread exited: 0x00007f4d081c5610
Event: 74.779 Thread 0x00007f4d081c3b60 Thread exited: 0x00007f4d081c3b60
Event: 74.780 Thread 0x00007f4d081f7a20 Thread exited: 0x00007f4d081f7a20
Event: 75.095 Thread 0x00007f4d081fcb50 Thread exited: 0x00007f4d081fcb50
Event: 126.507 Thread 0x00007f4ce8000ff0 Thread exited: 0x00007f4ce8000ff0
Event: 126.507 Thread 0x00007f4cf4000ff0 Thread exited: 0x00007f4cf4000ff0
Event: 128.180 Thread 0x00007f4d000010d0 Thread exited: 0x00007f4d000010d0
Event: 288.309 Thread 0x00007f4cf0001130 Thread exited: 0x00007f4cf0001130
Event: 291.286 Thread 0x00007f4d0812dfd0 Thread added: 0x00007f4d0812dfd0
Event: 291.286 Protecting memory [0x00007f4d24f00000,0x00007f4d24f04000] with protection modes 0
Event: 333.681 Thread 0x00007f4d081f7a20 Thread added: 0x00007f4d081f7a20
Event: 333.681 Protecting memory [0x00007f4d25900000,0x00007f4d25904000] with protection modes 0
Event: 384.342 Thread 0x00007f4d081c5610 Thread added: 0x00007f4d081c5610
Event: 384.343 Protecting memory [0x00007f4d25300000,0x00007f4d25304000] with protection modes 0
Event: 856.486 Thread 0x00007f4d081f89e0 Thread added: 0x00007f4d081f89e0
Event: 856.486 Protecting memory [0x00007f4d24d00000,0x00007f4d24d04000] with protection modes 0


Dynamic libraries:
e0000000-f5580000 rw-p 00000000 00:00 0 
f5580000-fa100000 rw-p 00000000 00:00 0 
fa100000-100000000 ---p 00000000 00:00 0 
800000000-800449000 rw-p 00001000 00:86a 9223372037562745673             /nix/store/gpxl5qgg8kicmcvivwmybwjlpf7wh20l-graalvm17-ce-22.3.0/lib/server/classes.jsa
800449000-800bc8000 r--p 0044a000 00:86a 9223372037562745673             /nix/store/gpxl5qgg8kicmcvivwmybwjlpf7wh20l-graalvm17-ce-22.3.0/lib/server/classes.jsa
800bc8000-800c00000 ---p 00000000 00:00 0 
800c00000-800c20000 rw-p 00000000 00:00 0 
800c20000-800c40000 rw-p 00000000 00:00 0 
800c40000-800cc0000 rw-p 00000000 00:00 0 
800cc0000-800d00000 rw-p 00000000 00:00 0 
800d00000-800dc0000 rw-p 00000000 00:00 0 
800dc0000-800e00000 rw-p 00000000 00:00 0 
800e00000-800f40000 rw-p 00000000 00:00 0 
800f40000-800fc0000 rw-p 00000000 00:00 0 
800fc0000-800ff0000 rw-p 00000000 00:00 0 
800ff0000-801000000 ---p 00000000 00:00 0 
801000000-8011e0000 rw-p 00000000 00:00 0 
8011e0000-840c00000 ---p 00000000 00:00 0 
561a23403000-561a23404000 r-xp 00000000 00:86a 9223372037526805748       /nix/store/gpxl5qgg8kicmcvivwmybwjlpf7wh20l-graalvm17-ce-22.3.0/bin/.java-wrapped
561a23405000-561a23406000 r--p 00001000 00:86a 9223372037526805748       /nix/store/gpxl5qgg8kicmcvivwmybwjlpf7wh20l-graalvm17-ce-22.3.0/bin/.java-wrapped
561a23406000-561a23407000 rw-p 00002000 00:86a 9223372037526805748       /nix/store/gpxl5qgg8kicmcvivwmybwjlpf7wh20l-graalvm17-ce-22.3.0/bin/.java-wrapped
561a23407000-561a23408000 rw-p 00004000 00:86a 9223372037526805748       /nix/store/gpxl5qgg8kicmcvivwmybwjlpf7wh20l-graalvm17-ce-22.3.0/bin/.java-wrapped
561a23408000-561a23409000 rw-p 00005000 00:86a 9223372037526805748       /nix/store/gpxl5qgg8kicmcvivwmybwjlpf7wh20l-graalvm17-ce-22.3.0/bin/.java-wrapped
561a23547000-561a2358f000 rw-p 00000000 00:00 0                          [heap]
7f4c9c000000-7f4c9c021000 rw-p 00000000 00:00 0 
7f4c9c021000-7f4ca0000000 ---p 00000000 00:00 0 
7f4ca4000000-7f4ca4021000 rw-p 00000000 00:00 0 
7f4ca4021000-7f4ca8000000 ---p 00000000 00:00 0 
7f4ca8000000-7f4ca8021000 rw-p 00000000 00:00 0 
7f4ca8021000-7f4cac000000 ---p 00000000 00:00 0 
7f4cac000000-7f4cac041000 rw-p 00000000 00:00 0 
7f4cac041000-7f4cb0000000 ---p 00000000 00:00 0 
7f4cb0000000-7f4cb0021000 rw-p 00000000 00:00 0 
7f4cb0021000-7f4cb4000000 ---p 00000000 00:00 0 
7f4cb4000000-7f4cb4021000 rw-p 00000000 00:00 0 
7f4cb4021000-7f4cb8000000 ---p 00000000 00:00 0 
7f4cb8000000-7f4cb8028000 rw-p 00000000 00:00 0 
7f4cb8028000-7f4cbc000000 ---p 00000000 00:00 0 
7f4cbc000000-7f4cbc053000 rw-p 00000000 00:00 0 
7f4cbc053000-7f4cc0000000 ---p 00000000 00:00 0 
7f4cc0000000-7f4cc0034000 rw-p 00000000 00:00 0 
7f4cc0034000-7f4cc4000000 ---p 00000000 00:00 0 
7f4cc4000000-7f4cc4030000 rw-p 00000000 00:00 0 
7f4cc4030000-7f4cc8000000 ---p 00000000 00:00 0 
7f4ccb400000-7f4ccb6d0000 rw-p 00000000 00:00 0 
7f4ccb6d0000-7f4ccbc00000 ---p 00000000 00:00 0 
7f4ccc000000-7f4ccc074000 rw-p 00000000 00:00 0 
7f4ccc074000-7f4cd0000000 ---p 00000000 00:00 0 
7f4cd1c00000-7f4cd2400000 rw-p 00000000 00:00 0 
7f4cd24b3000-7f4cdc000000 r--s 00000000 00:86a 9223372037562580485       /nix/store/gpxl5qgg8kicmcvivwmybwjlpf7wh20l-graalvm17-ce-22.3.0/lib/modules
7f4cdc000000-7f4cdc101000 rw-p 00000000 00:00 0 
7f4cdc101000-7f4ce0000000 ---p 00000000 00:00 0 
7f4ce0000000-7f4ce0021000 rw-p 00000000 00:00 0 
7f4ce0021000-7f4ce4000000 ---p 00000000 00:00 0 
7f4ce4000000-7f4ce4021000 rw-p 00000000 00:00 0 
7f4ce4021000-7f4ce8000000 ---p 00000000 00:00 0 
7f4ce8000000-7f4ce8072000 rw-p 00000000 00:00 0 
7f4ce8072000-7f4cec000000 ---p 00000000 00:00 0 
7f4cec000000-7f4cec021000 rw-p 00000000 00:00 0 
7f4cec021000-7f4cf0000000 ---p 00000000 00:00 0 
7f4cf0000000-7f4cf0118000 rw-p 00000000 00:00 0 
7f4cf0118000-7f4cf4000000 ---p 00000000 00:00 0 
7f4cf4000000-7f4cf403c000 rw-p 00000000 00:00 0 
7f4cf403c000-7f4cf8000000 ---p 00000000 00:00 0 
7f4cf8000000-7f4cf8072000 rw-p 00000000 00:00 0 
7f4cf8072000-7f4cfc000000 ---p 00000000 00:00 0 
7f4cfc000000-7f4cfc021000 rw-p 00000000 00:00 0 
7f4cfc021000-7f4d00000000 ---p 00000000 00:00 0 
7f4d00000000-7f4d002f0000 rw-p 00000000 00:00 0 
7f4d002f0000-7f4d04000000 ---p 00000000 00:00 0 
7f4d04000000-7f4d04021000 rw-p 00000000 00:00 0 
7f4d04021000-7f4d08000000 ---p 00000000 00:00 0 
7f4d08000000-7f4d08294000 rw-p 00000000 00:00 0 
7f4d08294000-7f4d0c000000 ---p 00000000 00:00 0 
7f4d0c000000-7f4d0c932000 rw-p 00000000 00:00 0 
7f4d0c932000-7f4d10000000 ---p 00000000 00:00 0 
7f4d10000000-7f4d10025000 rw-p 00000000 00:00 0 
7f4d10025000-7f4d14000000 ---p 00000000 00:00 0 
7f4d14000000-7f4d14021000 rw-p 00000000 00:00 0 
7f4d14021000-7f4d18000000 ---p 00000000 00:00 0 
7f4d18000000-7f4d18021000 rw-p 00000000 00:00 0 
7f4d18021000-7f4d1c000000 ---p 00000000 00:00 0 
7f4d1c000000-7f4d1c09f000 rw-p 00000000 00:00 0 
7f4d1c09f000-7f4d20000000 ---p 00000000 00:00 0 
7f4d20000000-7f4d20180000 rw-p 00000000 00:00 0 
7f4d20180000-7f4d20200000 rw-p 00000000 00:00 0 
7f4d20200000-7f4d20500000 rw-p 00000000 00:00 0 
7f4d20500000-7f4d205c0000 rw-p 00000000 00:00 0 
7f4d205c0000-7f4d20600000 ---p 00000000 00:00 0 
7f4d20600000-7f4d207a0000 rw-p 00000000 00:00 0 
7f4d207a0000-7f4d20800000 rw-p 00000000 00:00 0 
7f4d20800000-7f4d20900000 rw-p 00000000 00:00 0 
7f4d20900000-7f4d20b00000 rw-p 00000000 00:00 0 
7f4d20b00000-7f4d20d00000 rw-p 00000000 00:00 0 
7f4d20d00000-7f4d20e00000 rw-p 00000000 00:00 0 
7f4d20e00000-7f4d21000000 rw-p 00000000 00:00 0 
7f4d21000000-7f4d21100000 rw-p 00000000 00:00 0 
7f4d21100000-7f4d21200000 rw-p 00000000 00:00 0 
7f4d21200000-7f4d217c0000 rw-p 00000000 00:00 0 
7f4d217c0000-7f4d21800000 rw-p 00000000 00:00 0 
7f4d21800000-7f4d21900000 rw-p 00000000 00:00 0 
7f4d21900000-7f4d21a00000 rw-p 00000000 00:00 0 
7f4d21a00000-7f4d22000000 rw-p 00000000 00:00 0 
7f4d22000000-7f4d22010000 r-xp 00000000 00:74f 351                       /home/runner/.cache/jdt-language-server/config/org.eclipse.equinox.launcher/org.eclipse.equinox.launcher.gtk.linux.x86_64_1.2.400.v20211117-0650/eclipse_11600.so
7f4d22010000-7f4d2220f000 ---p 00010000 00:74f 351                       /home/runner/.cache/jdt-language-server/config/org.eclipse.equinox.launcher/org.eclipse.equinox.launcher.gtk.linux.x86_64_1.2.400.v20211117-0650/eclipse_11600.so
7f4d2220f000-7f4d22210000 r--p 0000f000 00:74f 351                       /home/runner/.cache/jdt-language-server/config/org.eclipse.equinox.launcher/org.eclipse.equinox.launcher.gtk.linux.x86_64_1.2.400.v20211117-0650/eclipse_11600.so
7f4d22210000-7f4d22211000 rw-p 00010000 00:74f 351                       /home/runner/.cache/jdt-language-server/config/org.eclipse.equinox.launcher/org.eclipse.equinox.launcher.gtk.linux.x86_64_1.2.400.v20211117-0650/eclipse_11600.so
7f4d22d00000-7f4d22e00000 ---p 00000000 00:00 0 
7f4d22e00000-7f4d233af000 r--p 01122000 00:86a 9223372037562577944       /nix/store/gpxl5qgg8kicmcvivwmybwjlpf7wh20l-graalvm17-ce-22.3.0/lib/libjvmcicompiler.so
7f4d233af000-7f4d23500000 r--p 00000000 00:00 0 
7f4d23500000-7f4d2353d000 rw-p 00000000 00:00 0 
7f4d2353d000-7f4d23a5d000 rw-p 0185f000 00:86a 9223372037562577944       /nix/store/gpxl5qgg8kicmcvivwmybwjlpf7wh20l-graalvm17-ce-22.3.0/lib/libjvmcicompiler.so
7f4d23a5d000-7f4d23e44000 r--p 01d7f000 00:86a 9223372037562577944       /nix/store/gpxl5qgg8kicmcvivwmybwjlpf7wh20l-graalvm17-ce-22.3.0/lib/libjvmcicompiler.so
7f4d23f00000-7f4d23f04000 ---p 00000000 00:00 0 
7f4d23f04000-7f4d24000000 rw-p 00000000 00:00 0 
7f4d24100000-7f4d24104000 ---p 00000000 00:00 0 
7f4d24104000-7f4d24200000 rw-p 00000000 00:00 0 
7f4d24300000-7f4d24304000 ---p 00000000 00:00 0 
7f4d24304000-7f4d24400000 rw-p 00000000 00:00 0 
7f4d24500000-7f4d24504000 ---p 00000000 00:00 0 
7f4d24504000-7f4d24600000 rw-p 00000000 00:00 0 
7f4d24700000-7f4d24704000 ---p 00000000 00:00 0 
7f4d24704000-7f4d24800000 rw-p 00000000 00:00 0 
7f4d24900000-7f4d24904000 ---p 00000000 00:00 0 
7f4d24904000-7f4d24a00000 rw-p 00000000 00:00 0 
7f4d24b00000-7f4d24b04000 ---p 00000000 00:00 0 
7f4d24b04000-7f4d24c00000 rw-p 00000000 00:00 0 
7f4d24c00000-7f4d24c04000 ---p 00000000 00:00 0 
7f4d24c04000-7f4d24d00000 rw-p 00000000 00:00 0 
7f4d24d00000-7f4d24d04000 ---p 00000000 00:00 0 
7f4d24d04000-7f4d24e00000 rw-p 00000000 00:00 0 
7f4d24f00000-7f4d24f04000 ---p 00000000 00:00 0 
7f4d24f04000-7f4d25000000 rw-p 00000000 00:00 0 
7f4d25100000-7f4d25104000 ---p 00000000 00:00 0 
7f4d25104000-7f4d25200000 rw-p 00000000 00:00 0 
7f4d25200000-7f4d25204000 ---p 00000000 00:00 0 
7f4d25204000-7f4d25300000 rw-p 00000000 00:00 0 
7f4d25300000-7f4d25304000 ---p 00000000 00:00 0 
7f4d25304000-7f4d25400000 rw-p 00000000 00:00 0 
7f4d25500000-7f4d25504000 ---p 00000000 00:00 0 
7f4d25504000-7f4d25600000 rw-p 00000000 00:00 0 
7f4d25700000-7f4d25704000 ---p 00000000 00:00 0 
7f4d25704000-7f4d25800000 rw-p 00000000 00:00 0 
7f4d25800000-7f4d25804000 ---p 00000000 00:00 0 
7f4d25804000-7f4d25900000 rw-p 00000000 00:00 0 
7f4d25900000-7f4d25904000 ---p 00000000 00:00 0 
7f4d25904000-7f4d25a00000 rw-p 00000000 00:00 0 
7f4d25b00000-7f4d25b04000 ---p 00000000 00:00 0 
7f4d25b04000-7f4d25c00000 rw-p 00000000 00:00 0 
7f4d25c00000-7f4d27d6a000 r-xp 00000000 00:86a 9223372037562577944       /nix/store/gpxl5qgg8kicmcvivwmybwjlpf7wh20l-graalvm17-ce-22.3.0/lib/libjvmcicompiler.so
7f4d27d6a000-7f4d27f69000 ---p 0216a000 00:86a 9223372037562577944       /nix/store/gpxl5qgg8kicmcvivwmybwjlpf7wh20l-graalvm17-ce-22.3.0/lib/libjvmcicompiler.so
7f4d27f69000-7f4d27f6a000 r--p 02169000 00:86a 9223372037562577944       /nix/store/gpxl5qgg8kicmcvivwmybwjlpf7wh20l-graalvm17-ce-22.3.0/lib/libjvmcicompiler.so
7f4d27f6a000-7f4d27f6c000 rw-p 0216a000 00:86a 9223372037562577944       /nix/store/gpxl5qgg8kicmcvivwmybwjlpf7wh20l-graalvm17-ce-22.3.0/lib/libjvmcicompiler.so
7f4d27f6c000-7f4d27f6d000 rw-p 00000000 00:00 0 
7f4d27f6d000-7f4d27f72000 rw-p 023c3000 00:86a 9223372037562577944       /nix/store/gpxl5qgg8kicmcvivwmybwjlpf7wh20l-graalvm17-ce-22.3.0/lib/libjvmcicompiler.so
7f4d28000000-7f4d28021000 rw-p 00000000 00:00 0 
7f4d28021000-7f4d2c000000 ---p 00000000 00:00 0 
7f4d2c000000-7f4d2c021000 rw-p 00000000 00:00 0 
7f4d2c021000-7f4d30000000 ---p 00000000 00:00 0 
7f4d30000000-7f4d30021000 rw-p 00000000 00:00 0 
7f4d30021000-7f4d34000000 ---p 00000000 00:00 0 
7f4d34000000-7f4d34021000 rw-p 00000000 00:00 0 
7f4d34021000-7f4d38000000 ---p 00000000 00:00 0 
7f4d38000000-7f4d380cd000 rw-p 00000000 00:00 0 
7f4d380cd000-7f4d3c000000 ---p 00000000 00:00 0 
7f4d3c000000-7f4d3caa5000 rw-p 00000000 00:00 0 
7f4d3caa5000-7f4d40000000 ---p 00000000 00:00 0 
7f4d40000000-7f4d40021000 rw-p 00000000 00:00 0 
7f4d40021000-7f4d44000000 ---p 00000000 00:00 0 
7f4d44000000-7f4d44021000 rw-p 00000000 00:00 0 
7f4d44021000-7f4d48000000 ---p 00000000 00:00 0 
7f4d48000000-7f4d48021000 rw-p 00000000 00:00 0 
7f4d48021000-7f4d4c000000 ---p 00000000 00:00 0 
7f4d4c000000-7f4d4c021000 rw-p 00000000 00:00 0 
7f4d4c021000-7f4d50000000 ---p 00000000 00:00 0 
7f4d50000000-7f4d50021000 rw-p 00000000 00:00 0 
7f4d50021000-7f4d54000000 ---p 00000000 00:00 0 
7f4d54000000-7f4d54021000 rw-p 00000000 00:00 0 
7f4d54021000-7f4d58000000 ---p 00000000 00:00 0 
7f4d58000000-7f4d58117000 rw-p 00000000 00:00 0 
7f4d58117000-7f4d5c000000 ---p 00000000 00:00 0 
7f4d5c000000-7f4d5c004000 ---p 00000000 00:00 0 
7f4d5c004000-7f4d5c100000 rw-p 00000000 00:00 0 
7f4d5c200000-7f4d5c204000 ---p 00000000 00:00 0 
7f4d5c204000-7f4d5c300000 rw-p 00000000 00:00 0 
7f4d5c400000-7f4d5c404000 ---p 00000000 00:00 0 
7f4d5c404000-7f4d5c500000 rw-p 00000000 00:00 0 
7f4d5c500000-7f4d5c504000 ---p 00000000 00:00 0 
7f4d5c504000-7f4d5c600000 rw-p 00000000 00:00 0 
7f4d5c600000-7f4d5c604000 ---p 00000000 00:00 0 
7f4d5c604000-7f4d5c700000 rw-p 00000000 00:00 0 
7f4d5c800000-7f4d5c804000 ---p 00000000 00:00 0 
7f4d5c804000-7f4d5c900000 rw-p 00000000 00:00 0 
7f4d5c900000-7f4d5c904000 ---p 00000000 00:00 0 
7f4d5c904000-7f4d5ca00000 rw-p 00000000 00:00 0 
7f4d5ca00000-7f4d5ca04000 ---p 00000000 00:00 0 
7f4d5ca04000-7f4d5cb00000 rw-p 00000000 00:00 0 
7f4d5cb00000-7f4d5cb04000 ---p 00000000 00:00 0 
7f4d5cb04000-7f4d5cc00000 rw-p 00000000 00:00 0 
7f4d5cc00000-7f4d5cc04000 ---p 00000000 00:00 0 
7f4d5cc04000-7f4d5cd00000 rw-p 00000000 00:00 0 
7f4d5da68000-7f4d5df00000 rw-p 00000000 00:00 0 
7f4d5df18000-7f4d5df19000 ---p 00000000 00:00 0 
7f4d5df19000-7f4d5e01a000 rw-p 00000000 00:00 0 
7f4d5e01a000-7f4d5e01e000 ---p 00000000 00:00 0 
7f4d5e01e000-7f4d5e11a000 rw-p 00000000 00:00 0 
7f4d5e11a000-7f4d5e11e000 ---p 00000000 00:00 0 
7f4d5e11e000-7f4d5e21a000 rw-p 00000000 00:00 0 
7f4d5e21a000-7f4d5e21e000 ---p 00000000 00:00 0 
7f4d5e21e000-7f4d5e31a000 rw-p 00000000 00:00 0 
7f4d5e31a000-7f4d5e31e000 ---p 00000000 00:00 0 
7f4d5e31e000-7f4d5e51a000 rw-p 00000000 00:00 0 
7f4d5e51a000-7f4d5e51e000 ---p 00000000 00:00 0 
7f4d5e51e000-7f4d5e71a000 rw-p 00000000 00:00 0 
7f4d5e71a000-7f4d5e71e000 ---p 00000000 00:00 0 
7f4d5e71e000-7f4d5e81a000 rw-p 00000000 00:00 0 
7f4d5e81a000-7f4d5e81e000 ---p 00000000 00:00 0 
7f4d5e81e000-7f4d5e91a000 rw-p 00000000 00:00 0 
7f4d5e91a000-7f4d5ec00000 r--p 00000000 00:35d 28444448                  /usr/lib/locale/locale-archive
7f4d5ec00000-7f4d5f000000 rw-p 00000000 00:00 0 
7f4d5f000000-7f4d5f200000 rw-p 00000000 00:00 0 
7f4d5f200000-7f4d5f300000 rw-p 00000000 00:00 0 
7f4d5f300000-7f4d5f400000 rw-p 00000000 00:00 0 
7f4d5f450000-7f4d5f454000 ---p 00000000 00:00 0 
7f4d5f454000-7f4d5f472000 rw-p 00000000 00:00 0 
7f4d5f472000-7f4d5f479000 r-xp 00000000 00:86a 9223372037562580484       /nix/store/gpxl5qgg8kicmcvivwmybwjlpf7wh20l-graalvm17-ce-22.3.0/lib/libzip.so
7f4d5f479000-7f4d5f47a000 ---p 00007000 00:86a 9223372037562580484       /nix/store/gpxl5qgg8kicmcvivwmybwjlpf7wh20l-graalvm17-ce-22.3.0/lib/libzip.so
7f4d5f47a000-7f4d5f47b000 r--p 00007000 00:86a 9223372037562580484       /nix/store/gpxl5qgg8kicmcvivwmybwjlpf7wh20l-graalvm17-ce-22.3.0/lib/libzip.so
7f4d5f47b000-7f4d5f47c000 rw-p 00008000 00:86a 9223372037562580484       /nix/store/gpxl5qgg8kicmcvivwmybwjlpf7wh20l-graalvm17-ce-22.3.0/lib/libzip.so
7f4d5f47c000-7f4d5f47e000 rw-p 0000b000 00:86a 9223372037562580484       /nix/store/gpxl5qgg8kicmcvivwmybwjlpf7wh20l-graalvm17-ce-22.3.0/lib/libzip.so
7f4d5f47e000-7f4d5f493000 r-xp 00000000 00:86a 9223372037562580474       /nix/store/gpxl5qgg8kicmcvivwmybwjlpf7wh20l-graalvm17-ce-22.3.0/lib/libnet.so
7f4d5f493000-7f4d5f494000 ---p 00015000 00:86a 9223372037562580474       /nix/store/gpxl5qgg8kicmcvivwmybwjlpf7wh20l-graalvm17-ce-22.3.0/lib/libnet.so
7f4d5f494000-7f4d5f495000 r--p 00015000 00:86a 9223372037562580474       /nix/store/gpxl5qgg8kicmcvivwmybwjlpf7wh20l-graalvm17-ce-22.3.0/lib/libnet.so
7f4d5f495000-7f4d5f496000 rw-p 00016000 00:86a 9223372037562580474       /nix/store/gpxl5qgg8kicmcvivwmybwjlpf7wh20l-graalvm17-ce-22.3.0/lib/libnet.so
7f4d5f496000-7f4d5f499000 rw-p 0001b000 00:86a 9223372037562580474       /nix/store/gpxl5qgg8kicmcvivwmybwjlpf7wh20l-graalvm17-ce-22.3.0/lib/libnet.so
7f4d5f499000-7f4d5f4ac000 r-xp 00000000 00:86a 9223372037562580475       /nix/store/gpxl5qgg8kicmcvivwmybwjlpf7wh20l-graalvm17-ce-22.3.0/lib/libnio.so
7f4d5f4ac000-7f4d5f4ad000 r--p 00012000 00:86a 9223372037562580475       /nix/store/gpxl5qgg8kicmcvivwmybwjlpf7wh20l-graalvm17-ce-22.3.0/lib/libnio.so
7f4d5f4ad000-7f4d5f4ae000 rw-p 00013000 00:86a 9223372037562580475       /nix/store/gpxl5qgg8kicmcvivwmybwjlpf7wh20l-graalvm17-ce-22.3.0/lib/libnio.so
7f4d5f4ae000-7f4d5f4b3000 rw-p 00019000 00:86a 9223372037562580475       /nix/store/gpxl5qgg8kicmcvivwmybwjlpf7wh20l-graalvm17-ce-22.3.0/lib/libnio.so
7f4d5f4b3000-7f4d5f723000 rwxp 00000000 00:00 0 
7f4d5f723000-7f4d5fa42000 ---p 00000000 00:00 0 
7f4d5fa42000-7f4d60a22000 rwxp 00000000 00:00 0 
7f4d60a22000-7f4d66f7a000 ---p 00000000 00:00 0 
7f4d66f7a000-7f4d671ea000 rwxp 00000000 00:00 0 
7f4d671ea000-7f4d6e4b3000 ---p 00000000 00:00 0 
7f4d6e4b3000-7f4d78000000 r--s 00000000 00:86a 9223372037562580485       /nix/store/gpxl5qgg8kicmcvivwmybwjlpf7wh20l-graalvm17-ce-22.3.0/lib/modules
7f4d78000000-7f4d78642000 rw-p 00000000 00:00 0 
7f4d78642000-7f4d7c000000 ---p 00000000 00:00 0 
7f4d7c006000-7f4d7c008000 r-xp 00000000 00:86a 9223372037562577921       /nix/store/gpxl5qgg8kicmcvivwmybwjlpf7wh20l-graalvm17-ce-22.3.0/lib/libextnet.so
7f4d7c008000-7f4d7c009000 r--p 00001000 00:86a 9223372037562577921       /nix/store/gpxl5qgg8kicmcvivwmybwjlpf7wh20l-graalvm17-ce-22.3.0/lib/libextnet.so
7f4d7c009000-7f4d7c00a000 rw-p 00002000 00:86a 9223372037562577921       /nix/store/gpxl5qgg8kicmcvivwmybwjlpf7wh20l-graalvm17-ce-22.3.0/lib/libextnet.so
7f4d7c00a000-7f4d7c00b000 rw-p 00004000 00:86a 9223372037562577921       /nix/store/gpxl5qgg8kicmcvivwmybwjlpf7wh20l-graalvm17-ce-22.3.0/lib/libextnet.so
7f4d7c00b000-7f4d7c00f000 ---p 00000000 00:00 0 
7f4d7c00f000-7f4d7c10b000 rw-p 00000000 00:00 0 
7f4d7c10b000-7f4d7c10f000 ---p 00000000 00:00 0 
7f4d7c10f000-7f4d7c20b000 rw-p 00000000 00:00 0 
7f4d7c20b000-7f4d7c20f000 ---p 00000000 00:00 0 
7f4d7c20f000-7f4d7c30b000 rw-p 00000000 00:00 0 
7f4d7c30b000-7f4d7c30c000 ---p 00000000 00:00 0 
7f4d7c30c000-7f4d7c40d000 rw-p 00000000 00:00 0 
7f4d7c40d000-7f4d7c4db000 r-xp 00000000 00:86a 9223372037562577940       /nix/store/gpxl5qgg8kicmcvivwmybwjlpf7wh20l-graalvm17-ce-22.3.0/lib/libjsvml.so
7f4d7c4db000-7f4d7c4dc000 r--p 000cd000 00:86a 9223372037562577940       /nix/store/gpxl5qgg8kicmcvivwmybwjlpf7wh20l-graalvm17-ce-22.3.0/lib/libjsvml.so
7f4d7c4dc000-7f4d7c4dd000 rw-p 000ce000 00:86a 9223372037562577940       /nix/store/gpxl5qgg8kicmcvivwmybwjlpf7wh20l-graalvm17-ce-22.3.0/lib/libjsvml.so
7f4d7c4dd000-7f4d7ddb5000 rw-p 00000000 00:00 0 
7f4d7ddb5000-7f4d7ddb6000 ---p 00000000 00:00 0 
7f4d7ddb6000-7f4d7df61000 rw-p 00000000 00:00 0 
7f4d7df61000-7f4d7df88000 rw-p 00000000 00:00 0 
7f4d7df88000-7f4d7dfb7000 ---p 00000000 00:00 0 
7f4d7dfb7000-7f4d7dfbd000 rw-p 00000000 00:00 0 
7f4d7dfbd000-7f4d7e0a3000 ---p 00000000 00:00 0 
7f4d7e0a3000-7f4d7e0c3000 rw-p 00000000 00:00 0 
7f4d7e0c3000-7f4d7e18e000 ---p 00000000 00:00 0 
7f4d7e18e000-7f4d7e193000 rw-p 00000000 00:00 0 
7f4d7e193000-7f4d7e19a000 ---p 00000000 00:00 0 
7f4d7e19a000-7f4d7e1be000 r-xp 00000000 00:86a 9223372037562577932       /nix/store/gpxl5qgg8kicmcvivwmybwjlpf7wh20l-graalvm17-ce-22.3.0/lib/libjava.so
7f4d7e1be000-7f4d7e1bf000 ---p 00024000 00:86a 9223372037562577932       /nix/store/gpxl5qgg8kicmcvivwmybwjlpf7wh20l-graalvm17-ce-22.3.0/lib/libjava.so
7f4d7e1bf000-7f4d7e1c0000 r--p 00024000 00:86a 9223372037562577932       /nix/store/gpxl5qgg8kicmcvivwmybwjlpf7wh20l-graalvm17-ce-22.3.0/lib/libjava.so
7f4d7e1c0000-7f4d7e1c1000 rw-p 00025000 00:86a 9223372037562577932       /nix/store/gpxl5qgg8kicmcvivwmybwjlpf7wh20l-graalvm17-ce-22.3.0/lib/libjava.so
7f4d7e1c1000-7f4d7e1c2000 rw-p 00000000 00:00 0 
7f4d7e1c2000-7f4d7e1c9000 rw-p 0002f000 00:86a 9223372037562577932       /nix/store/gpxl5qgg8kicmcvivwmybwjlpf7wh20l-graalvm17-ce-22.3.0/lib/libjava.so
7f4d7e1c9000-7f4d7e1d1000 rw-s 00000000 00:223 347                       /tmp/hsperfdata_runner/34
7f4d7e1d1000-7f4d7e1d2000 ---p 00000000 00:00 0 
7f4d7e1d2000-7f4d7e1d3000 r--p 00000000 00:00 0 
7f4d7e1d3000-7f4d7e1d4000 rwxp 00000000 00:00 0 
7f4d7e1d4000-7f4d7e1ef000 r-xp 00000000 00:86a 9223372037562577936       /nix/store/gpxl5qgg8kicmcvivwmybwjlpf7wh20l-graalvm17-ce-22.3.0/lib/libjimage.so
7f4d7e1ef000-7f4d7e1f0000 ---p 0001b000 00:86a 9223372037562577936       /nix/store/gpxl5qgg8kicmcvivwmybwjlpf7wh20l-graalvm17-ce-22.3.0/lib/libjimage.so
7f4d7e1f0000-7f4d7e1f2000 r--p 0001b000 00:86a 9223372037562577936       /nix/store/gpxl5qgg8kicmcvivwmybwjlpf7wh20l-graalvm17-ce-22.3.0/lib/libjimage.so
7f4d7e1f2000-7f4d7e1f3000 rw-p 0001d000 00:86a 9223372037562577936       /nix/store/gpxl5qgg8kicmcvivwmybwjlpf7wh20l-graalvm17-ce-22.3.0/lib/libjimage.so
7f4d7e1f3000-7f4d7e1f4000 rw-p 00024000 00:86a 9223372037562577936       /nix/store/gpxl5qgg8kicmcvivwmybwjlpf7wh20l-graalvm17-ce-22.3.0/lib/libjimage.so
7f4d7e1f4000-7f4d7e1f8000 ---p 00000000 00:00 0 
7f4d7e1f8000-7f4d7e2f4000 rw-p 00000000 00:00 0 
7f4d7e2f4000-7f4d7e302000 r--p 00000000 00:86a 9223372037455367831       /nix/store/4nlgxhb09sdr51nc9hdm8az5b08vzkgx-glibc-2.35-163/lib/libm.so.6
7f4d7e302000-7f4d7e375000 r-xp 0000e000 00:86a 9223372037455367831       /nix/store/4nlgxhb09sdr51nc9hdm8az5b08vzkgx-glibc-2.35-163/lib/libm.so.6
7f4d7e375000-7f4d7e3d2000 r--p 00081000 00:86a 9223372037455367831       /nix/store/4nlgxhb09sdr51nc9hdm8az5b08vzkgx-glibc-2.35-163/lib/libm.so.6
7f4d7e3d2000-7f4d7e3d3000 r--p 000dd000 00:86a 9223372037455367831       /nix/store/4nlgxhb09sdr51nc9hdm8az5b08vzkgx-glibc-2.35-163/lib/libm.so.6
7f4d7e3d3000-7f4d7e3d4000 rw-p 000de000 00:86a 9223372037455367831       /nix/store/4nlgxhb09sdr51nc9hdm8az5b08vzkgx-glibc-2.35-163/lib/libm.so.6
7f4d7e3d4000-7f4d7e3d5000 r--p 00000000 00:86a 9223372037455367850       /nix/store/4nlgxhb09sdr51nc9hdm8az5b08vzkgx-glibc-2.35-163/lib/librt.so.1
7f4d7e3d5000-7f4d7e3d6000 r-xp 00001000 00:86a 9223372037455367850       /nix/store/4nlgxhb09sdr51nc9hdm8az5b08vzkgx-glibc-2.35-163/lib/librt.so.1
7f4d7e3d6000-7f4d7e3d7000 r--p 00002000 00:86a 9223372037455367850       /nix/store/4nlgxhb09sdr51nc9hdm8az5b08vzkgx-glibc-2.35-163/lib/librt.so.1
7f4d7e3d7000-7f4d7e3d8000 r--p 00002000 00:86a 9223372037455367850       /nix/store/4nlgxhb09sdr51nc9hdm8az5b08vzkgx-glibc-2.35-163/lib/librt.so.1
7f4d7e3d8000-7f4d7e3d9000 rw-p 00003000 00:86a 9223372037455367850       /nix/store/4nlgxhb09sdr51nc9hdm8az5b08vzkgx-glibc-2.35-163/lib/librt.so.1
7f4d7e3d9000-7f4d7f4ec000 r-xp 00000000 00:86a 9223372037562748770       /nix/store/gpxl5qgg8kicmcvivwmybwjlpf7wh20l-graalvm17-ce-22.3.0/lib/server/libjvm.so
7f4d7f4ec000-7f4d7f4ed000 ---p 01113000 00:86a 9223372037562748770       /nix/store/gpxl5qgg8kicmcvivwmybwjlpf7wh20l-graalvm17-ce-22.3.0/lib/server/libjvm.so
7f4d7f4ed000-7f4d7f5a2000 r--p 01113000 00:86a 9223372037562748770       /nix/store/gpxl5qgg8kicmcvivwmybwjlpf7wh20l-graalvm17-ce-22.3.0/lib/server/libjvm.so
7f4d7f5a2000-7f4d7f5d6000 rw-p 011c8000 00:86a 9223372037562748770       /nix/store/gpxl5qgg8kicmcvivwmybwjlpf7wh20l-graalvm17-ce-22.3.0/lib/server/libjvm.so
7f4d7f5d6000-7f4d7f632000 rw-p 00000000 00:00 0 
7f4d7f632000-7f4d7f65a000 r--p 00000000 00:86a 9223372037455367822       /nix/store/4nlgxhb09sdr51nc9hdm8az5b08vzkgx-glibc-2.35-163/lib/libc.so.6
7f4d7f65a000-7f4d7f7d0000 r-xp 00028000 00:86a 9223372037455367822       /nix/store/4nlgxhb09sdr51nc9hdm8az5b08vzkgx-glibc-2.35-163/lib/libc.so.6
7f4d7f7d0000-7f4d7f828000 r--p 0019e000 00:86a 9223372037455367822       /nix/store/4nlgxhb09sdr51nc9hdm8az5b08vzkgx-glibc-2.35-163/lib/libc.so.6
7f4d7f828000-7f4d7f82c000 r--p 001f6000 00:86a 9223372037455367822       /nix/store/4nlgxhb09sdr51nc9hdm8az5b08vzkgx-glibc-2.35-163/lib/libc.so.6
7f4d7f82c000-7f4d7f82e000 rw-p 001fa000 00:86a 9223372037455367822       /nix/store/4nlgxhb09sdr51nc9hdm8az5b08vzkgx-glibc-2.35-163/lib/libc.so.6
7f4d7f82e000-7f4d7f83d000 rw-p 00000000 00:00 0 
7f4d7f83d000-7f4d7f83e000 r--p 00000000 00:86a 9223372037455367827       /nix/store/4nlgxhb09sdr51nc9hdm8az5b08vzkgx-glibc-2.35-163/lib/libdl.so.2
7f4d7f83e000-7f4d7f83f000 r-xp 00001000 00:86a 9223372037455367827       /nix/store/4nlgxhb09sdr51nc9hdm8az5b08vzkgx-glibc-2.35-163/lib/libdl.so.2
7f4d7f83f000-7f4d7f840000 r--p 00002000 00:86a 9223372037455367827       /nix/store/4nlgxhb09sdr51nc9hdm8az5b08vzkgx-glibc-2.35-163/lib/libdl.so.2
7f4d7f840000-7f4d7f841000 r--p 00002000 00:86a 9223372037455367827       /nix/store/4nlgxhb09sdr51nc9hdm8az5b08vzkgx-glibc-2.35-163/lib/libdl.so.2
7f4d7f841000-7f4d7f842000 rw-p 00003000 00:86a 9223372037455367827       /nix/store/4nlgxhb09sdr51nc9hdm8az5b08vzkgx-glibc-2.35-163/lib/libdl.so.2
7f4d7f842000-7f4d7f843000 r--p 00000000 00:86a 9223372037455367846       /nix/store/4nlgxhb09sdr51nc9hdm8az5b08vzkgx-glibc-2.35-163/lib/libpthread.so.0
7f4d7f843000-7f4d7f844000 r-xp 00001000 00:86a 9223372037455367846       /nix/store/4nlgxhb09sdr51nc9hdm8az5b08vzkgx-glibc-2.35-163/lib/libpthread.so.0
7f4d7f844000-7f4d7f845000 r--p 00002000 00:86a 9223372037455367846       /nix/store/4nlgxhb09sdr51nc9hdm8az5b08vzkgx-glibc-2.35-163/lib/libpthread.so.0
7f4d7f845000-7f4d7f846000 r--p 00002000 00:86a 9223372037455367846       /nix/store/4nlgxhb09sdr51nc9hdm8az5b08vzkgx-glibc-2.35-163/lib/libpthread.so.0
7f4d7f846000-7f4d7f847000 rw-p 00003000 00:86a 9223372037455367846       /nix/store/4nlgxhb09sdr51nc9hdm8az5b08vzkgx-glibc-2.35-163/lib/libpthread.so.0
7f4d7f847000-7f4d7f855000 r-xp 00000000 00:86a 9223372037562577937       /nix/store/gpxl5qgg8kicmcvivwmybwjlpf7wh20l-graalvm17-ce-22.3.0/lib/libjli.so
7f4d7f855000-7f4d7f856000 ---p 0000e000 00:86a 9223372037562577937       /nix/store/gpxl5qgg8kicmcvivwmybwjlpf7wh20l-graalvm17-ce-22.3.0/lib/libjli.so
7f4d7f856000-7f4d7f857000 r--p 0000e000 00:86a 9223372037562577937       /nix/store/gpxl5qgg8kicmcvivwmybwjlpf7wh20l-graalvm17-ce-22.3.0/lib/libjli.so
7f4d7f857000-7f4d7f858000 rw-p 0000f000 00:86a 9223372037562577937       /nix/store/gpxl5qgg8kicmcvivwmybwjlpf7wh20l-graalvm17-ce-22.3.0/lib/libjli.so
7f4d7f858000-7f4d7f859000 rw-p 00012000 00:86a 9223372037562577937       /nix/store/gpxl5qgg8kicmcvivwmybwjlpf7wh20l-graalvm17-ce-22.3.0/lib/libjli.so
7f4d7f859000-7f4d7f85c000 r--p 00000000 00:86a 9223372037533597975       /nix/store/026hln0aq1hyshaxsdvhg0kmcm6yf45r-zlib-1.2.13/lib/libz.so.1.2.13
7f4d7f85c000-7f4d7f86e000 r-xp 00003000 00:86a 9223372037533597975       /nix/store/026hln0aq1hyshaxsdvhg0kmcm6yf45r-zlib-1.2.13/lib/libz.so.1.2.13
7f4d7f86e000-7f4d7f875000 r--p 00015000 00:86a 9223372037533597975       /nix/store/026hln0aq1hyshaxsdvhg0kmcm6yf45r-zlib-1.2.13/lib/libz.so.1.2.13
7f4d7f875000-7f4d7f876000 r--p 0001b000 00:86a 9223372037533597975       /nix/store/026hln0aq1hyshaxsdvhg0kmcm6yf45r-zlib-1.2.13/lib/libz.so.1.2.13
7f4d7f876000-7f4d7f877000 rw-p 0001c000 00:86a 9223372037533597975       /nix/store/026hln0aq1hyshaxsdvhg0kmcm6yf45r-zlib-1.2.13/lib/libz.so.1.2.13
7f4d7f877000-7f4d7f879000 rw-p 00000000 00:00 0 
7f4d7f879000-7f4d7f87d000 r--p 00000000 00:00 0                          [vvar]
7f4d7f87d000-7f4d7f87f000 r-xp 00000000 00:00 0                          [vdso]
7f4d7f87f000-7f4d7f881000 r--p 00000000 00:86a 9223372037455367816       /nix/store/4nlgxhb09sdr51nc9hdm8az5b08vzkgx-glibc-2.35-163/lib/ld-linux-x86-64.so.2
7f4d7f881000-7f4d7f8a8000 r-xp 00002000 00:86a 9223372037455367816       /nix/store/4nlgxhb09sdr51nc9hdm8az5b08vzkgx-glibc-2.35-163/lib/ld-linux-x86-64.so.2
7f4d7f8a8000-7f4d7f8b4000 r--p 00029000 00:86a 9223372037455367816       /nix/store/4nlgxhb09sdr51nc9hdm8az5b08vzkgx-glibc-2.35-163/lib/ld-linux-x86-64.so.2
7f4d7f8b4000-7f4d7f8b6000 r--p 00034000 00:86a 9223372037455367816       /nix/store/4nlgxhb09sdr51nc9hdm8az5b08vzkgx-glibc-2.35-163/lib/ld-linux-x86-64.so.2
7f4d7f8b6000-7f4d7f8b8000 rw-p 00036000 00:86a 9223372037455367816       /nix/store/4nlgxhb09sdr51nc9hdm8az5b08vzkgx-glibc-2.35-163/lib/ld-linux-x86-64.so.2
7ffc359d2000-7ffc359f6000 rw-p 00000000 00:00 0                          [stack]
ffffffffff600000-ffffffffff601000 --xp 00000000 00:00 0                  [vsyscall]


VM Arguments:
jvm_args: -XX:ThreadPriorityPolicy=1 -XX:+UnlockExperimentalVMOptions -XX:+EnableJVMCIProduct -XX:JVMCIThreadsPerNativeLibraryRuntime=1 -XX:-UnlockExperimentalVMOptions -Declipse.application=org.eclipse.jdt.ls.core.id1 -Dosgi.bundles.defaultStartLevel=4 -Declipse.product=org.eclipse.jdt.ls.core.product -Dlog.level=ALL -Xverify:none -XX:+UseParallelGC -XX:GCTimeRatio=4 -XX:AdaptiveSizePolicyWeight=90 -Dsun.zip.disableMemoryMapping=true -Xmx512m -Xms100m 
java_command: /nix/store/m6gcpi1ii6rghy04cjwjddcavv7i90df-jdt-language-server-1.9.0/share/java/plugins/org.eclipse.equinox.launcher_1.6.400.v20210924-0641.jar --add-modules=ALL-SYSTEM --add-opens java.base/java.util=ALL-UNNAMED --add-opens java.base/java.lang=ALL-UNNAMED -configuration /home/runner/.cache/jdt-language-server/config -data /home/runner/.cache/jdt-language-server/data/home/runner/Robot-Race
java_class_path (initial): /nix/store/m6gcpi1ii6rghy04cjwjddcavv7i90df-jdt-language-server-1.9.0/share/java/plugins/org.eclipse.equinox.launcher_1.6.400.v20210924-0641.jar
Launcher Type: SUN_STANDARD

[Global flags]
    uintx AdaptiveSizePolicyWeight                 = 90                                        {product} {command line}
     intx CICompilerCount                          = 2                                         {product} {ergonomic}
     bool EnableJVMCIProduct                       = true                                {JVMCI product} {jimage}
    uintx GCTimeRatio                              = 4                                         {product} {command line}
   size_t InitialHeapSize                          = 104857600                                 {product} {command line}
     uint JVMCIThreadsPerNativeLibraryRuntime      = 1                                   {JVMCI product} {jimage}
   size_t MaxHeapSize                              = 536870912                                 {product} {command line}
   size_t MaxNewSize                               = 178782208                                 {product} {ergonomic}
   size_t MinHeapDeltaBytes                        = 524288                                    {product} {ergonomic}
   size_t MinHeapSize                              = 104857600                                 {product} {command line}
   size_t NewSize                                  = 34603008                                  {product} {ergonomic}
    uintx NonNMethodCodeHeapSize                   = 5826188                                {pd product} {ergonomic}
    uintx NonProfiledCodeHeapSize                  = 122916026                              {pd product} {ergonomic}
   size_t OldSize                                  = 70254592                                  {product} {ergonomic}
    uintx ProfiledCodeHeapSize                     = 122916026                              {pd product} {ergonomic}
    uintx ReservedCodeCacheSize                    = 251658240                              {pd product} {ergonomic}
     bool SegmentedCodeCache                       = true                                      {product} {ergonomic}
   size_t SoftMaxHeapSize                          = 536870912                              {manageable} {ergonomic}
     intx ThreadPriorityPolicy                     = 1                                         {product} {jimage}
     bool UseCompressedClassPointers               = true                           {product lp64_product} {ergonomic}
     bool UseCompressedOops                        = true                           {product lp64_product} {ergonomic}
     bool UseParallelGC                            = true                                      {product} {command line}

Logging:
Log output configuration:
 #0: stdout all=warning uptime,level,tags
 #1: stderr all=off uptime,level,tags

Environment Variables:
JAVA_HOME=/nix/store/gpxl5qgg8kicmcvivwmybwjlpf7wh20l-graalvm17-ce-22.3.0
PATH=/nix/store/1d6ian3r8kdzspw8hacjhl3xkp40g1lj-binutils-wrapper-2.39/bin:/nix/store/dq0xwmsk1g0i2ayg6pb7y87na2knzylh-gcc-wrapper-11.3.0/bin:/nix/store/bap4d0lpcrhpwmpb8ayjcgkmvfj62lnq-bash-interactive-5.1-p16/bin:/nix/store/pr5n59mb4jzmfx6kanwxly0l07p861fg-patchelf-0.15.0/bin:/nix/store/1gf2flfqnpqbr1b4p4qz2f72y42bs56r-gcc-11.3.0/bin:/nix/store/57xv61c5zi8pphjbcwxxjlgc34p61ic9-glibc-2.35-163-bin/bin:/nix/store/a7gvj343m05j2s32xcnwr35v31ynlypr-coreutils-9.1/bin:/nix/store/039g378vc3pc3dvi9dzdlrd0i4q93qwf-binutils-2.39/bin:/nix/store/gpxl5qgg8kicmcvivwmybwjlpf7wh20l-graalvm17-ce-22.3.0/bin:/nix/store/6z9ag3ihc8mq2hzsw48lhbznvzny65nz-apache-maven-3.8.6/bin:/nix/store/m6gcpi1ii6rghy04cjwjddcavv7i90df-jdt-language-server-1.9.0/bin:/nix/store/84xs5alhs01zrbr4ywm05kxbjbp5590l-java-debug/bin:/nix/store/mydc6f4k2z73xlcz7ilif3v2lcaiqvza-findutils-4.9.0/bin:/nix/store/j9p3g8472iijd50vhdprx0nmk2fqn5gv-diffutils-3.8/bin:/nix/store/89zs7rms6x00xfq4dq6m7mjnhkr8a6r4-gnused-4.8/bin:/nix/store/86bp03jkmsl6f92w0yzg4s59g5mhxwmy-gnugrep-3.7/bin:/nix/store/hwcdqw4jrjnd37wxqgsd47hd0j8bnj09-gawk-5.1.1/bin:/nix/store/cfbhw8r8ags41vwqaz47r583d0p4h4a1-gnutar-1.34/bin:/nix/store/p3m1ndl1lapwrlh698bnb5lvvxh67378-gzip-1.12/bin:/nix/store/a8mhcagrsly7c7mpjrpsnaahk4aax056-bzip2-1.0.8-bin/bin:/nix/store/mblgz65m3zv9x548a3d5m96fj2pbwr09-gnumake-4.3/bin:/nix/store/dsd5gz46hdbdk2rfdimqddhq6m8m8fqs-bash-5.1-p16/bin:/nix/store/v7ljksji50mg3w61dykaa3n3y79n6nil-patch-2.7.6/bin:/nix/store/zlcnmqq14jz5x9439jf937mvayyl63da-xz-5.2.7-bin/bin:/nix/store/y6aj732zm9m87c82fpvf103a1xb22blp-file-5.43/bin:/nix/store/sgqd0ajghcv2axfl1lad0b1alyavp0dc-prybar-elisp-0.0.0-67f7a00/bin:/nix/store/p3hsvljpgs68jqwar41lc0jqhjj734lf-prybar-lua-0.0.0-67f7a00/bin:/nix/store/qzxs2gybds3s9kb1vkaflpgm2nwr85fh-prybar-python3-0.0.0-67f7a00/bin:/nix/store/km94z9mxp8w4m8gxxp5mbfpdf3nkfvd8-prybar-sqlite-0.0.0-67f7a00/bin:/nix/store/2pnc7b76asw0z59c4l6h6qy8arwqrii1-prybar-tcl-0.0.0-67f7a00/bin:/nix/store/hpbvrlwd5viqmvcaisb3x0118i913a9n-st
LD_LIBRARY_PATH=/nix/store/a4pff549sk2idnkpzk5nsfps3mdkdnvm-cups-2.4.2-lib/lib:/nix/store/72mqxxhh3cy5yifh92wh2yb8cl2hikyy-cairo-1.16.0/lib:/nix/store/2k366jrbsra97gjfxwvrhvixjfxdach5-glib-2.74.1/lib:/nix/store/2j2znigd8ak37rlwh9khz0ry3clqlw1l-gtk+3-3.24.34/lib:/nix/store/hisqvx32cd57apbpcsnkpx6k3549wql1-libglvnd-1.4.0/lib:/nix/store/p36pgcv991mq5srvg765b78yqpxvk3qs-mesa-21.3.3-drivers/lib:/nix/store/mav4251if1ahjq5vkpwycyyvnmy459c4-pulseaudio-14.2/lib
DISPLAY=:0
LANG=en_US.UTF-8

Signal Handlers:
   SIGSEGV: crash_handler in libjvm.so, mask=11100100010111111101111111111110, flags=SA_RESTART|SA_SIGINFO
    SIGBUS: crash_handler in libjvm.so, mask=11100100010111111101111111111110, flags=SA_RESTART|SA_SIGINFO
    SIGFPE: crash_handler in libjvm.so, mask=11100100010111111101111111111110, flags=SA_RESTART|SA_SIGINFO
   SIGPIPE: IsolateEnterStub_IgnoreSIGPIPEStartupHook_noopSignalHandler_8f19bff2f35b5f630d83b364d6b2339320d4ec70_216e8361c6bc87a8f89f58cc10d3b2fd4415bf87 in libjvmcicompiler.so, mask=00000000000000000000000000000000, flags=SA_RESTART
  *** Handler was modified!
  *** Expected: javaSignalHandler in libjvm.so, mask=11100100110111111111111111111110, flags=SA_RESTART|SA_SIGINFO
   SIGXFSZ: javaSignalHandler in libjvm.so, mask=11100100010111111101111111111110, flags=SA_RESTART|SA_SIGINFO
    SIGILL: crash_handler in libjvm.so, mask=11100100010111111101111111111110, flags=SA_RESTART|SA_SIGINFO
   SIGUSR2: SR_handler in libjvm.so, mask=00000000000000000000000000000000, flags=SA_RESTART|SA_SIGINFO
    SIGHUP: UserHandler in libjvm.so, mask=11100100010111111101111111111110, flags=SA_RESTART|SA_SIGINFO
    SIGINT: UserHandler in libjvm.so, mask=11100100010111111101111111111110, flags=SA_RESTART|SA_SIGINFO
   SIGTERM: UserHandler in libjvm.so, mask=11100100010111111101111111111110, flags=SA_RESTART|SA_SIGINFO
   SIGQUIT: UserHandler in libjvm.so, mask=11100100010111111101111111111110, flags=SA_RESTART|SA_SIGINFO
  *** Handler was modified!
  *** Expected: javaSignalHandler in libjvm.so, mask=11100100110111111111111111111110, flags=SA_RESTART|SA_SIGINFO
   SIGTRAP: crash_handler in libjvm.so, mask=11100100010111111101111111111110, flags=SA_RESTART|SA_SIGINFO


---------------  S Y S T E M  ---------------

OS:
DISTRIB_ID=Ubuntu
DISTRIB_RELEASE=20.04
DISTRIB_CODENAME=focal
DISTRIB_DESCRIPTION="Ubuntu 20.04.2 LTS"
uname: Linux 5.15.0-1025-gcp #32~20.04.2-Ubuntu SMP Tue Nov 29 08:31:04 UTC 2022 x86_64
OS uptime: 0 days 3:29 hours
libc: glibc 2.35 NPTL 2.35 
rlimit (soft/hard): STACK 8192k/infinity , CORE infinity/infinity , NPROC infinity/infinity , NOFILE 5242/5242 , AS infinity/infinity , CPU infinity/infinity , DATA infinity/infinity , FSIZE infinity/infinity , MEMLOCK 64k/64k
load average: 14.28 14.91 15.44

/proc/meminfo:
MemTotal:       65852732 kB
MemFree:        24589156 kB
MemAvailable:   48939804 kB
Buffers:         1665168 kB
Cached:         21512988 kB
SwapCached:            0 kB
Active:          7414776 kB
Inactive:       30173336 kB
Active(anon):      14780 kB
Inactive(anon): 13923376 kB
Active(file):    7399996 kB
Inactive(file): 16249960 kB
Unevictable:       40508 kB
Mlocked:           40508 kB
SwapTotal:             0 kB
SwapFree:              0 kB
Dirty:             13000 kB
Writeback:           656 kB
AnonPages:      13816532 kB
Mapped:          2237532 kB
Shmem:             79952 kB
KReclaimable:    1427292 kB
Slab:            2661916 kB
SReclaimable:    1427292 kB
SUnreclaim:      1234624 kB
KernelStack:      406284 kB
PageTables:       186164 kB
NFS_Unstable:          0 kB
Bounce:                0 kB
WritebackTmp:          0 kB
CommitLimit:    32926364 kB
Committed_AS:   70633232 kB
VmallocTotal:   34359738367 kB
VmallocUsed:      445456 kB
VmallocChunk:          0 kB
Percpu:            66112 kB
HardwareCorrupted:     0 kB
AnonHugePages:    372736 kB
ShmemHugePages:        0 kB
ShmemPmdMapped:        0 kB
FileHugePages:         0 kB
FilePmdMapped:         0 kB
HugePages_Total:       0
HugePages_Free:        0
HugePages_Rsvd:        0
HugePages_Surp:        0
Hugepagesize:       2048 kB
Hugetlb:               0 kB
DirectMap4k:     3679040 kB
DirectMap2M:    56086528 kB
DirectMap1G:     9437184 kB

/sys/kernel/mm/transparent_hugepage/enabled: always [madvise] never
/sys/kernel/mm/transparent_hugepage/defrag (defrag/compaction efforts parameter): always defer defer+madvise [madvise] never

Process Memory:
Virtual Size: 5122136K (peak: 5212988K)
Resident Set Size: 760188K (peak: 795648K) (anon: 562872K, file: 197316K, shmem: 0K)
Swapped out: 0K
C-Heap outstanding allocations: 41473K, retained: 11958K
glibc malloc tunables: (default)

/proc/sys/kernel/threads-max (system-wide limit on the number of threads): 514406
/proc/sys/vm/max_map_count (maximum number of memory map areas a process may have): 65530
/proc/sys/kernel/pid_max (system-wide limit on number of process identifiers): 4194304

container (cgroup) information:
container_type: cgroupv1
cpu_cpuset_cpus: 2-7
cpu_memory_nodes: 0
active_processor_count: 1
cpu_quota: 50000
cpu_period: 100000
cpu_shares: 512
memory_limit_in_bytes: 1048576 k
memory_and_swap_limit_in_bytes: 1048576 k
memory_soft_limit_in_bytes: 524288 k
memory_usage_in_bytes: 827696 k
memory_max_usage_in_bytes: 865216 k
maximum number of tasks: 1000
current number of tasks: 93

KVM virtualization detected
Steal ticks since vm start: 0
Steal ticks percentage since vm start:  0.000

CPU: total 8 (initial active 1) (8 cores per cpu, 2 threads per core) family 23 model 49 stepping 0 microcode 0xffffffff, cx8, cmov, fxsr, ht, mmx, 3dnowpref, sse, sse2, sse3, ssse3, sse4a, sse4.1, sse4.2, popcnt, lzcnt, tsc, tscinvbit, avx, avx2, aes, clmul, bmi1, bmi2, adx, sha, fma, vzeroupper, clflush, clflushopt, hv
CPU Model and flags from /proc/cpuinfo:
model name	: AMD EPYC 7B12
flags		: fpu vme de pse tsc msr pae mce cx8 apic sep mtrr pge mca cmov pat pse36 clflush mmx fxsr sse sse2 ht syscall nx mmxext fxsr_opt pdpe1gb rdtscp lm constant_tsc rep_good nopl nonstop_tsc cpuid extd_apicid tsc_known_freq pni pclmulqdq ssse3 fma cx16 sse4_1 sse4_2 movbe popcnt aes xsave avx f16c rdrand hypervisor lahf_lm cmp_legacy cr8_legacy abm sse4a misalignsse 3dnowprefetch osvw topoext ssbd ibrs ibpb stibp vmmcall fsgsbase tsc_adjust bmi1 avx2 smep bmi2 rdseed adx smap clflushopt clwb sha_ni xsaveopt xsavec xgetbv1 clzero xsaveerptr arat npt nrip_save umip rdpid

Online cpus: 0-7
Offline cpus: 
BIOS frequency limitation: <Not Available>
Frequency switch latency (ns): <Not Available>
Available cpu frequencies: <Not Available>
Current governor: <Not Available>
Core performance/turbo boost: <Not Available>

Memory: 4k page, physical 1048576k(220876k free), swap 0k(0k free)
Page Sizes: 4k

vm_info: OpenJDK 64-Bit Server VM (17.0.5+8-jvmci-22.3-b08) for linux-amd64 JRE (17.0.5+8-jvmci-22.3-b08), built on Oct 19 2022 09:01:27 by "buildslave" with gcc 10.3.0

END.
